{
  "stats": {
    "suites": 12,
    "tests": 41,
    "passes": 24,
    "pending": 0,
    "failures": 17,
    "start": "2022-07-06T11:53:10.234Z",
    "end": "2022-07-06T11:54:25.200Z",
    "duration": 74966,
    "testsRegistered": 41,
    "passPercent": 58.536585365853654,
    "pendingPercent": 0,
    "other": 0,
    "hasOther": false,
    "skipped": 0,
    "hasSkipped": false
  },
  "results": [
    {
      "uuid": "f3ae4133-ccec-4cb2-ae58-486708763d7b",
      "title": "",
      "fullFile": "cypress/integration/project.spec.js",
      "file": "cypress/integration/project.spec.js",
      "beforeHooks": [],
      "afterHooks": [],
      "tests": [],
      "suites": [
        {
          "uuid": "40f17cc6-c049-461c-a8b7-0726fcdc1526",
          "title": "1 - Adicione à página o título \"Paleta de Cores\".",
          "fullFile": "",
          "file": "",
          "beforeHooks": [],
          "afterHooks": [],
          "tests": [
            {
              "title": "Verifica se contém um elemento `h1` com o id `title` com o título correto",
              "fullTitle": "1 - Adicione à página o título \"Paleta de Cores\". Verifica se contém um elemento `h1` com o id `title` com o título correto",
              "timedOut": null,
              "duration": 114,
              "state": "passed",
              "speed": "slow",
              "pass": true,
              "fail": false,
              "pending": false,
              "context": null,
              "code": "cy.get('h1#title').should('contain.text', 'Paleta de Cores');",
              "err": {},
              "uuid": "35034c28-d94a-4ed2-a329-a9061313dbe3",
              "parentUUID": "40f17cc6-c049-461c-a8b7-0726fcdc1526",
              "isHook": false,
              "skipped": false
            }
          ],
          "suites": [],
          "passes": [
            "35034c28-d94a-4ed2-a329-a9061313dbe3"
          ],
          "failures": [],
          "pending": [],
          "skipped": [],
          "duration": 114,
          "root": false,
          "rootEmpty": false,
          "_timeout": 2000
        },
        {
          "uuid": "28210663-b543-4582-a98b-0a8035cab177",
          "title": "2 - Adicione à página uma paleta de quatro cores distintas.",
          "fullFile": "",
          "file": "",
          "beforeHooks": [],
          "afterHooks": [],
          "tests": [
            {
              "title": "A paleta de cores deve ser um elemento com `id` denominado `color-palette` e ter mais de 0px de altura e de largura.",
              "fullTitle": "2 - Adicione à página uma paleta de quatro cores distintas. A paleta de cores deve ser um elemento com `id` denominado `color-palette` e ter mais de 0px de altura e de largura.",
              "timedOut": null,
              "duration": 49,
              "state": "passed",
              "speed": "medium",
              "pass": true,
              "fail": false,
              "pending": false,
              "context": null,
              "code": "cy.get('#color-palette').should('be.visible');\ncy.get('#color-palette').children('.color');",
              "err": {},
              "uuid": "e8136037-cd75-436f-bb2b-63c699a2d104",
              "parentUUID": "28210663-b543-4582-a98b-0a8035cab177",
              "isHook": false,
              "skipped": false
            },
            {
              "title": "Verifica se cada cor individual da paleta de cores possui a `classe` chamada `color`.",
              "fullTitle": "2 - Adicione à página uma paleta de quatro cores distintas. Verifica se cada cor individual da paleta de cores possui a `classe` chamada `color`.",
              "timedOut": null,
              "duration": 106,
              "state": "passed",
              "speed": "slow",
              "pass": true,
              "fail": false,
              "pending": false,
              "context": null,
              "code": "cy.get('.color').should('have.length', 4).then(function (colors) {\n  for (var i = 0; i < colors.length; i++) {\n    cy.wrap(colors[i]).should('be.visible');\n  }\n});",
              "err": {},
              "uuid": "19be8baa-a5a6-4480-9d28-b29437407c07",
              "parentUUID": "28210663-b543-4582-a98b-0a8035cab177",
              "isHook": false,
              "skipped": false
            },
            {
              "title": "Verifica se a cor de fundo de cada elemento da paleta é a cor que o elemento representa. **A única cor não permitida na paleta é a cor branca.**",
              "fullTitle": "2 - Adicione à página uma paleta de quatro cores distintas. Verifica se a cor de fundo de cada elemento da paleta é a cor que o elemento representa. **A única cor não permitida na paleta é a cor branca.**",
              "timedOut": null,
              "duration": 75,
              "state": "passed",
              "speed": "medium",
              "pass": true,
              "fail": false,
              "pending": false,
              "context": null,
              "code": "cy.get('.color').each(function (color) {\n  cy.wrap(color).should('have.class', 'color').and('not.have.css', 'background-color', WHITE);\n  cy.wrap(color).should('have.css', 'background-color');\n});",
              "err": {},
              "uuid": "71ae1962-77d5-4a24-a5ca-a903eca13b40",
              "parentUUID": "28210663-b543-4582-a98b-0a8035cab177",
              "isHook": false,
              "skipped": false
            },
            {
              "title": "Verifica se cada elemento da paleta de cores tem uma borda preta, sólida e com 1 pixel de largura;",
              "fullTitle": "2 - Adicione à página uma paleta de quatro cores distintas. Verifica se cada elemento da paleta de cores tem uma borda preta, sólida e com 1 pixel de largura;",
              "timedOut": null,
              "duration": 64,
              "state": "passed",
              "speed": "medium",
              "pass": true,
              "fail": false,
              "pending": false,
              "context": null,
              "code": "cy.get('.color').each(function (color) {\n  cy.wrap(color).and('have.css', 'border', \"1px solid \".concat(BLACK)).and('have.class', 'color');\n});",
              "err": {},
              "uuid": "ae56c981-a080-414c-92a7-e44d02fd6123",
              "parentUUID": "28210663-b543-4582-a98b-0a8035cab177",
              "isHook": false,
              "skipped": false
            },
            {
              "title": "Verifica se a paleta lista todas as cores disponíveis para utilização, lado a lado.",
              "fullTitle": "2 - Adicione à página uma paleta de quatro cores distintas. Verifica se a paleta lista todas as cores disponíveis para utilização, lado a lado.",
              "timedOut": null,
              "duration": 82,
              "state": "passed",
              "speed": "slow",
              "pass": true,
              "fail": false,
              "pending": false,
              "context": null,
              "code": "cy.get('.color').then(function (colors) {\n  for (var index = 1; index < colors.length; index += 1) {\n    var currentColor = colors[index];\n    var previousColor = colors[index - 1];\n    cy.wrap(currentColor).should('be.onTheRightOf', previousColor).and('be.horizontallyAlignedWith', previousColor);\n  }\n});",
              "err": {},
              "uuid": "010b7037-9fc1-4840-97a2-e94c96add1b8",
              "parentUUID": "28210663-b543-4582-a98b-0a8035cab177",
              "isHook": false,
              "skipped": false
            },
            {
              "title": "Verifica se a paleta de cores está posicionada abaixo do título 'Paleta de Cores'",
              "fullTitle": "2 - Adicione à página uma paleta de quatro cores distintas. Verifica se a paleta de cores está posicionada abaixo do título 'Paleta de Cores'",
              "timedOut": null,
              "duration": 52,
              "state": "passed",
              "speed": "medium",
              "pass": true,
              "fail": false,
              "pending": false,
              "context": null,
              "code": "cy.get('h1#title').then(function (title) {\n  cy.get('#color-palette').should('be.belowOf', title);\n});",
              "err": {},
              "uuid": "549be45b-9de3-4b01-9097-355b0456c2ac",
              "parentUUID": "28210663-b543-4582-a98b-0a8035cab177",
              "isHook": false,
              "skipped": false
            },
            {
              "title": "Verifica se a paleta de cores não contém cores repetidas.",
              "fullTitle": "2 - Adicione à página uma paleta de quatro cores distintas. Verifica se a paleta de cores não contém cores repetidas.",
              "timedOut": null,
              "duration": 57,
              "state": "passed",
              "speed": "medium",
              "pass": true,
              "fail": false,
              "pending": false,
              "context": null,
              "code": "cy.get('.color').then(function (colors) {\n  var allColors = Array.from(colors).map(function (color) {\n    return Cypress.$(color).css('background-color');\n  });\n  cy.log(allColors);\n  var uniqColors = (0, _toConsumableArray2[\"default\"])(new Set(allColors));\n  cy.log(uniqColors);\n  expect(allColors.length).to.eq(uniqColors.length);\n});",
              "err": {},
              "uuid": "3a8fd33e-f6db-4723-916d-9bd2fcc2be49",
              "parentUUID": "28210663-b543-4582-a98b-0a8035cab177",
              "isHook": false,
              "skipped": false
            }
          ],
          "suites": [],
          "passes": [
            "e8136037-cd75-436f-bb2b-63c699a2d104",
            "19be8baa-a5a6-4480-9d28-b29437407c07",
            "71ae1962-77d5-4a24-a5ca-a903eca13b40",
            "ae56c981-a080-414c-92a7-e44d02fd6123",
            "010b7037-9fc1-4840-97a2-e94c96add1b8",
            "549be45b-9de3-4b01-9097-355b0456c2ac",
            "3a8fd33e-f6db-4723-916d-9bd2fcc2be49"
          ],
          "failures": [],
          "pending": [],
          "skipped": [],
          "duration": 485,
          "root": false,
          "rootEmpty": false,
          "_timeout": 2000
        },
        {
          "uuid": "c3f97455-3105-4b79-9731-3fe8be3a97d5",
          "title": "3 - Adicione a cor **preta** como a primeira cor da paleta de cores.",
          "fullFile": "",
          "file": "",
          "beforeHooks": [],
          "afterHooks": [],
          "tests": [
            {
              "title": "Verifica se a primeira cor da paleta é preta",
              "fullTitle": "3 - Adicione a cor **preta** como a primeira cor da paleta de cores. Verifica se a primeira cor da paleta é preta",
              "timedOut": null,
              "duration": 66,
              "state": "passed",
              "speed": "medium",
              "pass": true,
              "fail": false,
              "pending": false,
              "context": null,
              "code": "cy.get('.color').first().should('have.css', 'background-color', BLACK);",
              "err": {},
              "uuid": "831786b9-47f8-47dd-ba43-e7a7172165f4",
              "parentUUID": "c3f97455-3105-4b79-9731-3fe8be3a97d5",
              "isHook": false,
              "skipped": false
            },
            {
              "title": "Verifica se as demais cores podem ser escolhidas livremente.",
              "fullTitle": "3 - Adicione a cor **preta** como a primeira cor da paleta de cores. Verifica se as demais cores podem ser escolhidas livremente.",
              "timedOut": null,
              "duration": 124,
              "state": "passed",
              "speed": "slow",
              "pass": true,
              "fail": false,
              "pending": false,
              "context": null,
              "code": "cy.get('.color').eq(1).should('not.have.css', 'background-color', BLACK);\ncy.get('.color').eq(1).should('not.have.css', 'background-color', WHITE);\ncy.get('.color').eq(1).should('not.have.css', 'background-color', 'rgba(0, 0, 0, 0)');\ncy.get('.color').eq(1).should('have.css', 'background-color');\ncy.get('.color').eq(2).should('not.have.css', 'background-color', BLACK);\ncy.get('.color').eq(2).should('not.have.css', 'background-color', WHITE);\ncy.get('.color').eq(2).should('not.have.css', 'background-color', 'rgba(0, 0, 0, 0)');\ncy.get('.color').eq(2).should('have.css', 'background-color');\ncy.get('.color').eq(3).should('not.have.css', 'background-color', BLACK);\ncy.get('.color').eq(3).should('not.have.css', 'background-color', WHITE);\ncy.get('.color').eq(3).should('not.have.css', 'background-color', 'rgba(0, 0, 0, 0)');\ncy.get('.color').eq(3).should('have.css', 'background-color');",
              "err": {},
              "uuid": "7f239fce-4a99-4d5b-91a6-0f1db6c2fdcf",
              "parentUUID": "c3f97455-3105-4b79-9731-3fe8be3a97d5",
              "isHook": false,
              "skipped": false
            }
          ],
          "suites": [],
          "passes": [
            "831786b9-47f8-47dd-ba43-e7a7172165f4",
            "7f239fce-4a99-4d5b-91a6-0f1db6c2fdcf"
          ],
          "failures": [],
          "pending": [],
          "skipped": [],
          "duration": 190,
          "root": false,
          "rootEmpty": false,
          "_timeout": 2000
        },
        {
          "uuid": "7eace815-6680-48e1-9ee6-2d9f1ec7bf49",
          "title": "4 - Adicione à página um quadro de pixels, com 25 pixels.",
          "fullFile": "",
          "file": "",
          "beforeHooks": [],
          "afterHooks": [],
          "tests": [
            {
              "title": "Verifica se o quadro de pixels possui o `id` denominado `pixel-board`",
              "fullTitle": "4 - Adicione à página um quadro de pixels, com 25 pixels. Verifica se o quadro de pixels possui o `id` denominado `pixel-board`",
              "timedOut": null,
              "duration": 50,
              "state": "passed",
              "speed": "medium",
              "pass": true,
              "fail": false,
              "pending": false,
              "context": null,
              "code": "cy.get('#pixel-board').should('be.visible');",
              "err": {},
              "uuid": "1f2f6e83-ab77-4792-a80e-2546372c1ede",
              "parentUUID": "7eace815-6680-48e1-9ee6-2d9f1ec7bf49",
              "isHook": false,
              "skipped": false
            },
            {
              "title": "Verifica se cada pixel individual dentro do quadro possui a `classe` denominada `pixel`.",
              "fullTitle": "4 - Adicione à página um quadro de pixels, com 25 pixels. Verifica se cada pixel individual dentro do quadro possui a `classe` denominada `pixel`.",
              "timedOut": null,
              "duration": 54,
              "state": "passed",
              "speed": "medium",
              "pass": true,
              "fail": false,
              "pending": false,
              "context": null,
              "code": "cy.get('.pixel').should('have.length', 25);",
              "err": {},
              "uuid": "98c0df5c-cb6b-47c8-b049-36b20e5559da",
              "parentUUID": "7eace815-6680-48e1-9ee6-2d9f1ec7bf49",
              "isHook": false,
              "skipped": false
            },
            {
              "title": "Verifica se a cor inicial dos pixels dentro do quadro, ao abrir a página, é branca.",
              "fullTitle": "4 - Adicione à página um quadro de pixels, com 25 pixels. Verifica se a cor inicial dos pixels dentro do quadro, ao abrir a página, é branca.",
              "timedOut": null,
              "duration": 92,
              "state": "passed",
              "speed": "slow",
              "pass": true,
              "fail": false,
              "pending": false,
              "context": null,
              "code": "cy.get('.pixel').should('have.length', 25).each(function (pixel) {\n  expect(pixel).to.have.css('background-color', WHITE);\n});",
              "err": {},
              "uuid": "b4782519-245a-49a5-9ba0-d01cd1e9c673",
              "parentUUID": "7eace815-6680-48e1-9ee6-2d9f1ec7bf49",
              "isHook": false,
              "skipped": false
            },
            {
              "title": "Verifica se o quadro de pixels aparece abaixo da paleta de cores",
              "fullTitle": "4 - Adicione à página um quadro de pixels, com 25 pixels. Verifica se o quadro de pixels aparece abaixo da paleta de cores",
              "timedOut": null,
              "duration": 44,
              "state": "passed",
              "speed": "medium",
              "pass": true,
              "fail": false,
              "pending": false,
              "context": null,
              "code": "cy.get('#color-palette').then(function (palette) {\n  cy.get('#pixel-board').should('be.belowOf', palette);\n});",
              "err": {},
              "uuid": "ac47e346-757e-47ed-bcab-3400034d23c3",
              "parentUUID": "7eace815-6680-48e1-9ee6-2d9f1ec7bf49",
              "isHook": false,
              "skipped": false
            }
          ],
          "suites": [],
          "passes": [
            "1f2f6e83-ab77-4792-a80e-2546372c1ede",
            "98c0df5c-cb6b-47c8-b049-36b20e5559da",
            "b4782519-245a-49a5-9ba0-d01cd1e9c673",
            "ac47e346-757e-47ed-bcab-3400034d23c3"
          ],
          "failures": [],
          "pending": [],
          "skipped": [],
          "duration": 240,
          "root": false,
          "rootEmpty": false,
          "_timeout": 2000
        },
        {
          "uuid": "64a113a1-883a-40ae-9dbc-216dc21518bf",
          "title": "5 - Faça com que cada elemento do quadro de pixels possua 40 pixels de largura, 40 pixels de altura e seja delimitado por uma borda preta de 1 pixel.",
          "fullFile": "",
          "file": "",
          "beforeHooks": [],
          "afterHooks": [],
          "tests": [
            {
              "title": "Verifica se o quadro de pixels tem altura e comprimento de 5 elementos",
              "fullTitle": "5 - Faça com que cada elemento do quadro de pixels possua 40 pixels de largura, 40 pixels de altura e seja delimitado por uma borda preta de 1 pixel. Verifica se o quadro de pixels tem altura e comprimento de 5 elementos",
              "timedOut": null,
              "duration": 129,
              "state": "passed",
              "speed": "slow",
              "pass": true,
              "fail": false,
              "pending": false,
              "context": null,
              "code": "cy.get('.pixel').should('have.length', 25).each(function (pixel) {\n  expect(pixel).to.have.css('background-color', WHITE);\n}).and(function (pixels) {\n  var rows = chunk(pixels, 5);\n  rows.forEach(function (row) {\n    for (var index = 1; index < row.length; index += 1) {\n      var current = pixels[index];\n      var previous = pixels[index - 1];\n      cy.wrap(current).should('be.onTheRightOf', previous).and('be.horizontallyAlignedWith', previous);\n    }\n  });\n  for (var index = 1; index < 5; index += 1) {\n    expect(pixels[index * 5]).to.be.belowOf(pixels[(index - 1) * 5]);\n  }\n});",
              "err": {},
              "uuid": "18a4b525-f517-4131-9965-d59df232156a",
              "parentUUID": "64a113a1-883a-40ae-9dbc-216dc21518bf",
              "isHook": false,
              "skipped": false
            },
            {
              "title": "Verifica se 40 pixels é o tamanho total do elemento, incluindo seu conteúdo e excluindo a borda preta, que deve ser criada à parte.",
              "fullTitle": "5 - Faça com que cada elemento do quadro de pixels possua 40 pixels de largura, 40 pixels de altura e seja delimitado por uma borda preta de 1 pixel. Verifica se 40 pixels é o tamanho total do elemento, incluindo seu conteúdo e excluindo a borda preta, que deve ser criada à parte.",
              "timedOut": null,
              "duration": 133,
              "state": "passed",
              "speed": "slow",
              "pass": true,
              "fail": false,
              "pending": false,
              "context": null,
              "code": "cy.get('.pixel').each(function (pixel) {\n  cy.wrap(pixel).should('have.css', 'height', '40px').and('have.css', 'width', '40px').and('have.css', 'border', \"1px solid \".concat(BLACK));\n});",
              "err": {},
              "uuid": "996c504d-0f4a-4826-81f9-0806b0bbcd28",
              "parentUUID": "64a113a1-883a-40ae-9dbc-216dc21518bf",
              "isHook": false,
              "skipped": false
            }
          ],
          "suites": [],
          "passes": [
            "18a4b525-f517-4131-9965-d59df232156a",
            "996c504d-0f4a-4826-81f9-0806b0bbcd28"
          ],
          "failures": [],
          "pending": [],
          "skipped": [],
          "duration": 262,
          "root": false,
          "rootEmpty": false,
          "_timeout": 2000
        },
        {
          "uuid": "100c7079-b4f7-41eb-ab19-c10cd258f8af",
          "title": "6 - Defina a cor preta como cor inicial. Ao carregar a página a cor preta já deve estar selecionada para pintar os pixels",
          "fullFile": "",
          "file": "",
          "beforeHooks": [],
          "afterHooks": [],
          "tests": [
            {
              "title": "Verifica se o elemento da cor preta possui, inicialmente, a `classe` `selected`",
              "fullTitle": "6 - Defina a cor preta como cor inicial. Ao carregar a página a cor preta já deve estar selecionada para pintar os pixels Verifica se o elemento da cor preta possui, inicialmente, a `classe` `selected`",
              "timedOut": null,
              "duration": 48,
              "state": "passed",
              "speed": "medium",
              "pass": true,
              "fail": false,
              "pending": false,
              "context": null,
              "code": "cy.get('.selected').first().should('have.css', 'background-color', BLACK);",
              "err": {},
              "uuid": "f4ae566f-6a03-4add-859c-ff2bff3f8831",
              "parentUUID": "100c7079-b4f7-41eb-ab19-c10cd258f8af",
              "isHook": false,
              "skipped": false
            },
            {
              "title": "Verifica se nenhuma outra cor da paleta tem a `classe` `selected`",
              "fullTitle": "6 - Defina a cor preta como cor inicial. Ao carregar a página a cor preta já deve estar selecionada para pintar os pixels Verifica se nenhuma outra cor da paleta tem a `classe` `selected`",
              "timedOut": null,
              "duration": 47,
              "state": "passed",
              "speed": "medium",
              "pass": true,
              "fail": false,
              "pending": false,
              "context": null,
              "code": "cy.get('.color:not(:first-child)').each(function (color) {\n  cy.wrap(color).should('not.have.class', 'selected');\n});",
              "err": {},
              "uuid": "327b0491-404b-4cad-af54-0c14a9f79787",
              "parentUUID": "100c7079-b4f7-41eb-ab19-c10cd258f8af",
              "isHook": false,
              "skipped": false
            }
          ],
          "suites": [],
          "passes": [
            "f4ae566f-6a03-4add-859c-ff2bff3f8831",
            "327b0491-404b-4cad-af54-0c14a9f79787"
          ],
          "failures": [],
          "pending": [],
          "skipped": [],
          "duration": 95,
          "root": false,
          "rootEmpty": false,
          "_timeout": 2000
        },
        {
          "uuid": "94ddd480-b368-438a-84b9-7137031733d3",
          "title": "7 - Clicar em uma das cores da paleta, faz com que ela seja selecionada e utilizada para preencher os pixels no quadro.",
          "fullFile": "",
          "file": "",
          "beforeHooks": [],
          "afterHooks": [],
          "tests": [
            {
              "title": "Verifica se somente uma cor da paleta de cores tem a classe `selected` de cada vez",
              "fullTitle": "7 - Clicar em uma das cores da paleta, faz com que ela seja selecionada e utilizada para preencher os pixels no quadro. Verifica se somente uma cor da paleta de cores tem a classe `selected` de cada vez",
              "timedOut": null,
              "duration": 366,
              "state": "passed",
              "speed": "slow",
              "pass": true,
              "fail": false,
              "pending": false,
              "context": null,
              "code": "cy.get('.color').each(function (selectedColor, selectedColorIndex) {\n  cy.wrap(selectedColor).click();\n  cy.get('.color').each(function (color, colorIndex) {\n    if (colorIndex === selectedColorIndex) {\n      expect(color).to.have[\"class\"]('selected');\n    } else {\n      expect(color).not.to.have[\"class\"]('selected');\n    }\n  });\n});",
              "err": {},
              "uuid": "263aeb30-cb86-4114-b26e-e9023ddc9ad1",
              "parentUUID": "94ddd480-b368-438a-84b9-7137031733d3",
              "isHook": false,
              "skipped": false
            },
            {
              "title": "Verifica se os pixels dentro do quadro não têm a classe `selected` quando são clicados",
              "fullTitle": "7 - Clicar em uma das cores da paleta, faz com que ela seja selecionada e utilizada para preencher os pixels no quadro. Verifica se os pixels dentro do quadro não têm a classe `selected` quando são clicados",
              "timedOut": null,
              "duration": 7671,
              "state": "passed",
              "speed": "slow",
              "pass": true,
              "fail": false,
              "pending": false,
              "context": null,
              "code": "cy.get('.color').each(function (color) {\n  var backgroundColor = color.css('background-color');\n  cy.wrap(color).click();\n  cy.get('.pixel').each(function (pixel) {\n    cy.wrap(pixel).click().should('not.have.class', 'selected');\n  });\n});",
              "err": {},
              "uuid": "bc1259d7-6e64-48ae-8230-bcfa99b3d71b",
              "parentUUID": "94ddd480-b368-438a-84b9-7137031733d3",
              "isHook": false,
              "skipped": false
            }
          ],
          "suites": [],
          "passes": [
            "263aeb30-cb86-4114-b26e-e9023ddc9ad1",
            "bc1259d7-6e64-48ae-8230-bcfa99b3d71b"
          ],
          "failures": [],
          "pending": [],
          "skipped": [],
          "duration": 8037,
          "root": false,
          "rootEmpty": false,
          "_timeout": 2000
        },
        {
          "uuid": "5c5e93cd-419a-4c8f-bc9c-cb12788a9093",
          "title": "8 - Clicar em um pixel dentro do quadro após selecionar uma cor na paleta, faz com que o pixel seja preenchido com a cor selecionada.",
          "fullFile": "",
          "file": "",
          "beforeHooks": [],
          "afterHooks": [],
          "tests": [
            {
              "title": "Verifica se ao carregar a página deve ser possível pintar os pixels de preto",
              "fullTitle": "8 - Clicar em um pixel dentro do quadro após selecionar uma cor na paleta, faz com que o pixel seja preenchido com a cor selecionada. Verifica se ao carregar a página deve ser possível pintar os pixels de preto",
              "timedOut": null,
              "duration": 4304,
              "state": "failed",
              "speed": null,
              "pass": false,
              "fail": true,
              "pending": false,
              "context": null,
              "code": "cy.get('.pixel').each(function (pixel) {\n  cy.wrap(pixel).click().should('have.css', 'background-color', BLACK);\n});",
              "err": {
                "message": "CypressError: Timed out retrying: expected '<div.pixel>' to have CSS property 'background-color' with the value 'rgb(0, 0, 0)', but the value was 'rgb(255, 255, 255)'",
                "estack": "CypressError: Timed out retrying: expected '<div.pixel>' to have CSS property 'background-color' with the value 'rgb(0, 0, 0)', but the value was 'rgb(255, 255, 255)'\n    at cypressErr (http://localhost:42281/__cypress/runner/cypress_runner.js:149934:9)\n    at throwErr (http://localhost:42281/__cypress/runner/cypress_runner.js:149867:11)\n    at Object.throwErrByPath (http://localhost:42281/__cypress/runner/cypress_runner.js:149915:3)\n    at retry (http://localhost:42281/__cypress/runner/cypress_runner.js:144197:19)\n    at onFailFn (http://localhost:42281/__cypress/runner/cypress_runner.js:132448:16)\n    at tryCatcher (http://localhost:42281/__cypress/runner/cypress_runner.js:167415:23)\n    at Promise._settlePromiseFromHandler (http://localhost:42281/__cypress/runner/cypress_runner.js:165351:31)\n    at Promise._settlePromise (http://localhost:42281/__cypress/runner/cypress_runner.js:165408:18)\n    at Promise._settlePromise0 (http://localhost:42281/__cypress/runner/cypress_runner.js:165453:10)\n    at Promise._settlePromises (http://localhost:42281/__cypress/runner/cypress_runner.js:165528:18)\n    at Async../node_modules/bluebird/js/release/async.js.Async._drainQueue (http://localhost:42281/__cypress/runner/cypress_runner.js:162140:16)\n    at Async../node_modules/bluebird/js/release/async.js.Async._drainQueues (http://localhost:42281/__cypress/runner/cypress_runner.js:162150:10)\n    at Async.drainQueues (http://localhost:42281/__cypress/runner/cypress_runner.js:162024:14)",
                "diff": null
              },
              "uuid": "652a9490-c3c3-4097-bfd0-9c09681c60a7",
              "parentUUID": "5c5e93cd-419a-4c8f-bc9c-cb12788a9093",
              "isHook": false,
              "skipped": false
            },
            {
              "title": "Verifica se após selecionar uma outra cor na paleta, é possível pintar os pixels com essa cor",
              "fullTitle": "8 - Clicar em um pixel dentro do quadro após selecionar uma cor na paleta, faz com que o pixel seja preenchido com a cor selecionada. Verifica se após selecionar uma outra cor na paleta, é possível pintar os pixels com essa cor",
              "timedOut": null,
              "duration": 4347,
              "state": "failed",
              "speed": null,
              "pass": false,
              "fail": true,
              "pending": false,
              "context": null,
              "code": "cy.get('.color').each(function (color) {\n  var backgroundColor = color.css('background-color');\n  cy.wrap(color).click();\n  cy.get('.pixel').each(function (pixel) {\n    cy.wrap(pixel).click().should('have.css', 'background-color', backgroundColor);\n  });\n});",
              "err": {
                "message": "CypressError: Timed out retrying: expected '<div.pixel>' to have CSS property 'background-color' with the value 'rgb(0, 0, 0)', but the value was 'rgb(255, 255, 255)'",
                "estack": "CypressError: Timed out retrying: expected '<div.pixel>' to have CSS property 'background-color' with the value 'rgb(0, 0, 0)', but the value was 'rgb(255, 255, 255)'\n    at cypressErr (http://localhost:42281/__cypress/runner/cypress_runner.js:149934:9)\n    at throwErr (http://localhost:42281/__cypress/runner/cypress_runner.js:149867:11)\n    at Object.throwErrByPath (http://localhost:42281/__cypress/runner/cypress_runner.js:149915:3)\n    at retry (http://localhost:42281/__cypress/runner/cypress_runner.js:144197:19)\n    at onFailFn (http://localhost:42281/__cypress/runner/cypress_runner.js:132448:16)\n    at tryCatcher (http://localhost:42281/__cypress/runner/cypress_runner.js:167415:23)\n    at Promise._settlePromiseFromHandler (http://localhost:42281/__cypress/runner/cypress_runner.js:165351:31)\n    at Promise._settlePromise (http://localhost:42281/__cypress/runner/cypress_runner.js:165408:18)\n    at Promise._settlePromise0 (http://localhost:42281/__cypress/runner/cypress_runner.js:165453:10)\n    at Promise._settlePromises (http://localhost:42281/__cypress/runner/cypress_runner.js:165528:18)\n    at Async../node_modules/bluebird/js/release/async.js.Async._drainQueue (http://localhost:42281/__cypress/runner/cypress_runner.js:162140:16)\n    at Async../node_modules/bluebird/js/release/async.js.Async._drainQueues (http://localhost:42281/__cypress/runner/cypress_runner.js:162150:10)\n    at Async.drainQueues (http://localhost:42281/__cypress/runner/cypress_runner.js:162024:14)",
                "diff": null
              },
              "uuid": "71528885-c44b-4a8d-9486-8d326a2be99c",
              "parentUUID": "5c5e93cd-419a-4c8f-bc9c-cb12788a9093",
              "isHook": false,
              "skipped": false
            },
            {
              "title": "Verifica se somente o pixel que foi clicado foi preenchido com a cor selecionada, sem influenciar na cor dos demais pixels.",
              "fullTitle": "8 - Clicar em um pixel dentro do quadro após selecionar uma cor na paleta, faz com que o pixel seja preenchido com a cor selecionada. Verifica se somente o pixel que foi clicado foi preenchido com a cor selecionada, sem influenciar na cor dos demais pixels.",
              "timedOut": null,
              "duration": 944,
              "state": "passed",
              "speed": "slow",
              "pass": true,
              "fail": false,
              "pending": false,
              "context": null,
              "code": "var colorToPixelIndexMap = {\n  0: 6,\n  1: 8,\n  2: 16,\n  3: 18\n};\ncy.get('.color').each(function (color, index) {\n  cy.wrap(color).click();\n  var backgroundColor = color.css('background-color');\n  var clickedPixelIndex = colorToPixelIndexMap[index];\n  cy.get('.pixel').eq(clickedPixelIndex).click();\n  cy.get('.pixel').eq(clickedPixelIndex - 1).should('not.have.css', 'background-color', backgroundColor);\n  cy.get('.pixel').eq(clickedPixelIndex + 1).should('not.have.css', 'background-color', backgroundColor);\n  cy.get('.pixel').eq(clickedPixelIndex - 5).should('not.have.css', 'background-color', backgroundColor);\n  cy.get('.pixel').eq(clickedPixelIndex + 5).should('not.have.css', 'background-color', backgroundColor);\n  cy.get('.pixel').eq(clickedPixelIndex - 6).should('not.have.css', 'background-color', backgroundColor);\n  cy.get('.pixel').eq(clickedPixelIndex - 4).should('not.have.css', 'background-color', backgroundColor);\n  cy.get('.pixel').eq(clickedPixelIndex + 4).should('not.have.css', 'background-color', backgroundColor);\n  cy.get('.pixel').eq(clickedPixelIndex + 6).should('not.have.css', 'background-color', backgroundColor);\n});",
              "err": {},
              "uuid": "5ac6d038-435e-4752-91d4-8edc2453ab80",
              "parentUUID": "5c5e93cd-419a-4c8f-bc9c-cb12788a9093",
              "isHook": false,
              "skipped": false
            }
          ],
          "suites": [],
          "passes": [
            "5ac6d038-435e-4752-91d4-8edc2453ab80"
          ],
          "failures": [
            "652a9490-c3c3-4097-bfd0-9c09681c60a7",
            "71528885-c44b-4a8d-9486-8d326a2be99c"
          ],
          "pending": [],
          "skipped": [],
          "duration": 9595,
          "root": false,
          "rootEmpty": false,
          "_timeout": 2000
        },
        {
          "uuid": "6a01ecc4-ff4e-4416-b8cf-84a6f78f132e",
          "title": "9 - Crie um botão que, ao ser clicado, limpa o quadro preenchendo a cor de todos seus pixels com branco.",
          "fullFile": "",
          "file": "",
          "beforeHooks": [],
          "afterHooks": [],
          "tests": [
            {
              "title": "Verifica se o botão tem o `id` denominado `clear-board`",
              "fullTitle": "9 - Crie um botão que, ao ser clicado, limpa o quadro preenchendo a cor de todos seus pixels com branco. Verifica se o botão tem o `id` denominado `clear-board`",
              "timedOut": null,
              "duration": 57,
              "state": "passed",
              "speed": "medium",
              "pass": true,
              "fail": false,
              "pending": false,
              "context": null,
              "code": "cy.get('#clear-board').should('be.visible');",
              "err": {},
              "uuid": "1ca328d8-1258-4973-a644-7f1aa65fdb5e",
              "parentUUID": "6a01ecc4-ff4e-4416-b8cf-84a6f78f132e",
              "isHook": false,
              "skipped": false
            },
            {
              "title": "Verifica se o botão está posicionado entre a paleta de cores e o quadro de pixels",
              "fullTitle": "9 - Crie um botão que, ao ser clicado, limpa o quadro preenchendo a cor de todos seus pixels com branco. Verifica se o botão está posicionado entre a paleta de cores e o quadro de pixels",
              "timedOut": null,
              "duration": 68,
              "state": "passed",
              "speed": "medium",
              "pass": true,
              "fail": false,
              "pending": false,
              "context": null,
              "code": "cy.get('#color-palette').then(function (palette) {\n  cy.get('#clear-board').should('be.belowOf', palette);\n});\ncy.get('#clear-board').then(function (clearBtn) {\n  cy.get('#pixel-board').should('be.belowOf', clearBtn);\n});",
              "err": {},
              "uuid": "a2262b76-242c-4ffa-ad94-44007f874f76",
              "parentUUID": "6a01ecc4-ff4e-4416-b8cf-84a6f78f132e",
              "isHook": false,
              "skipped": false
            },
            {
              "title": "Verifica se o texto do botão é 'Limpar'",
              "fullTitle": "9 - Crie um botão que, ao ser clicado, limpa o quadro preenchendo a cor de todos seus pixels com branco. Verifica se o texto do botão é 'Limpar'",
              "timedOut": null,
              "duration": 37,
              "state": "passed",
              "speed": "fast",
              "pass": true,
              "fail": false,
              "pending": false,
              "context": null,
              "code": "cy.get('#clear-board').should('contain.text', 'Limpar');",
              "err": {},
              "uuid": "bce39d16-8514-416c-bb25-b79153004f60",
              "parentUUID": "6a01ecc4-ff4e-4416-b8cf-84a6f78f132e",
              "isHook": false,
              "skipped": false
            },
            {
              "title": "Verifica se ao clicar no botão, o quadro de pixels é totalmente preenchido de branco",
              "fullTitle": "9 - Crie um botão que, ao ser clicado, limpa o quadro preenchendo a cor de todos seus pixels com branco. Verifica se ao clicar no botão, o quadro de pixels é totalmente preenchido de branco",
              "timedOut": null,
              "duration": 4271,
              "state": "failed",
              "speed": null,
              "pass": false,
              "fail": true,
              "pending": false,
              "context": null,
              "code": "cy.get('.color').eq(1).then(function (color) {\n  var backgroundColor = color.css('background-color');\n  cy.wrap(color).click();\n  cy.get('.pixel').each(function (pixel) {\n    cy.wrap(pixel).click().should('have.css', 'background-color', backgroundColor);\n  });\n});\ncy.get('#clear-board').click();\ncy.get('.pixel').each(function (pixel) {\n  cy.wrap(pixel).should('have.css', 'background-color', WHITE);\n});",
              "err": {
                "message": "CypressError: Timed out retrying: expected '<div.pixel>' to have CSS property 'background-color' with the value 'rgb(218, 245, 13)', but the value was 'rgb(255, 255, 255)'",
                "estack": "CypressError: Timed out retrying: expected '<div.pixel>' to have CSS property 'background-color' with the value 'rgb(218, 245, 13)', but the value was 'rgb(255, 255, 255)'\n    at cypressErr (http://localhost:42281/__cypress/runner/cypress_runner.js:149934:9)\n    at throwErr (http://localhost:42281/__cypress/runner/cypress_runner.js:149867:11)\n    at Object.throwErrByPath (http://localhost:42281/__cypress/runner/cypress_runner.js:149915:3)\n    at retry (http://localhost:42281/__cypress/runner/cypress_runner.js:144197:19)\n    at onFailFn (http://localhost:42281/__cypress/runner/cypress_runner.js:132448:16)\n    at tryCatcher (http://localhost:42281/__cypress/runner/cypress_runner.js:167415:23)\n    at Promise._settlePromiseFromHandler (http://localhost:42281/__cypress/runner/cypress_runner.js:165351:31)\n    at Promise._settlePromise (http://localhost:42281/__cypress/runner/cypress_runner.js:165408:18)\n    at Promise._settlePromise0 (http://localhost:42281/__cypress/runner/cypress_runner.js:165453:10)\n    at Promise._settlePromises (http://localhost:42281/__cypress/runner/cypress_runner.js:165528:18)\n    at Async../node_modules/bluebird/js/release/async.js.Async._drainQueue (http://localhost:42281/__cypress/runner/cypress_runner.js:162140:16)\n    at Async../node_modules/bluebird/js/release/async.js.Async._drainQueues (http://localhost:42281/__cypress/runner/cypress_runner.js:162150:10)\n    at Async.drainQueues (http://localhost:42281/__cypress/runner/cypress_runner.js:162024:14)",
                "diff": null
              },
              "uuid": "3967b45d-b872-4dab-9584-5e6f0f509272",
              "parentUUID": "6a01ecc4-ff4e-4416-b8cf-84a6f78f132e",
              "isHook": false,
              "skipped": false
            }
          ],
          "suites": [],
          "passes": [
            "1ca328d8-1258-4973-a644-7f1aa65fdb5e",
            "a2262b76-242c-4ffa-ad94-44007f874f76",
            "bce39d16-8514-416c-bb25-b79153004f60"
          ],
          "failures": [
            "3967b45d-b872-4dab-9584-5e6f0f509272"
          ],
          "pending": [],
          "skipped": [],
          "duration": 4433,
          "root": false,
          "rootEmpty": false,
          "_timeout": 2000
        },
        {
          "uuid": "9915259c-5382-47d5-8816-55f7797d6be6",
          "title": "10 - Faça o quadro de pixels ter seu tamanho definido pelo usuário.",
          "fullFile": "",
          "file": "",
          "beforeHooks": [],
          "afterHooks": [],
          "tests": [
            {
              "title": "Verifica se existe um input com o id `board-size`",
              "fullTitle": "10 - Faça o quadro de pixels ter seu tamanho definido pelo usuário. Verifica se existe um input com o id `board-size`",
              "timedOut": null,
              "duration": 4220,
              "state": "failed",
              "speed": null,
              "pass": false,
              "fail": true,
              "pending": false,
              "context": null,
              "code": "cy.get('#board-size').should('be.visible');",
              "err": {
                "message": "CypressError: Timed out retrying: Expected to find element: '#board-size', but never found it.",
                "estack": "CypressError: Timed out retrying: Expected to find element: '#board-size', but never found it.\n    at cypressErr (http://localhost:42281/__cypress/runner/cypress_runner.js:149934:9)\n    at throwErr (http://localhost:42281/__cypress/runner/cypress_runner.js:149867:11)\n    at Object.throwErrByPath (http://localhost:42281/__cypress/runner/cypress_runner.js:149915:3)\n    at retry (http://localhost:42281/__cypress/runner/cypress_runner.js:144197:19)\n    at onFailFn (http://localhost:42281/__cypress/runner/cypress_runner.js:132448:16)\n    at tryCatcher (http://localhost:42281/__cypress/runner/cypress_runner.js:167415:23)\n    at Promise._settlePromiseFromHandler (http://localhost:42281/__cypress/runner/cypress_runner.js:165351:31)\n    at Promise._settlePromise (http://localhost:42281/__cypress/runner/cypress_runner.js:165408:18)\n    at Promise._settlePromise0 (http://localhost:42281/__cypress/runner/cypress_runner.js:165453:10)\n    at Promise._settlePromises (http://localhost:42281/__cypress/runner/cypress_runner.js:165528:18)\n    at Async../node_modules/bluebird/js/release/async.js.Async._drainQueue (http://localhost:42281/__cypress/runner/cypress_runner.js:162140:16)\n    at Async../node_modules/bluebird/js/release/async.js.Async._drainQueues (http://localhost:42281/__cypress/runner/cypress_runner.js:162150:10)\n    at Async.drainQueues (http://localhost:42281/__cypress/runner/cypress_runner.js:162024:14)",
                "diff": null
              },
              "uuid": "a96681e1-ce4f-42fa-b38b-cd1c389a9570",
              "parentUUID": "9915259c-5382-47d5-8816-55f7797d6be6",
              "isHook": false,
              "skipped": false
            },
            {
              "title": "Verifica se existe um botão com o id `generate-board`",
              "fullTitle": "10 - Faça o quadro de pixels ter seu tamanho definido pelo usuário. Verifica se existe um botão com o id `generate-board`",
              "timedOut": null,
              "duration": 4207,
              "state": "failed",
              "speed": null,
              "pass": false,
              "fail": true,
              "pending": false,
              "context": null,
              "code": "cy.get('#generate-board').should('be.visible');",
              "err": {
                "message": "CypressError: Timed out retrying: Expected to find element: '#generate-board', but never found it.",
                "estack": "CypressError: Timed out retrying: Expected to find element: '#generate-board', but never found it.\n    at cypressErr (http://localhost:42281/__cypress/runner/cypress_runner.js:149934:9)\n    at throwErr (http://localhost:42281/__cypress/runner/cypress_runner.js:149867:11)\n    at Object.throwErrByPath (http://localhost:42281/__cypress/runner/cypress_runner.js:149915:3)\n    at retry (http://localhost:42281/__cypress/runner/cypress_runner.js:144197:19)\n    at onFailFn (http://localhost:42281/__cypress/runner/cypress_runner.js:132448:16)\n    at tryCatcher (http://localhost:42281/__cypress/runner/cypress_runner.js:167415:23)\n    at Promise._settlePromiseFromHandler (http://localhost:42281/__cypress/runner/cypress_runner.js:165351:31)\n    at Promise._settlePromise (http://localhost:42281/__cypress/runner/cypress_runner.js:165408:18)\n    at Promise._settlePromise0 (http://localhost:42281/__cypress/runner/cypress_runner.js:165453:10)\n    at Promise._settlePromises (http://localhost:42281/__cypress/runner/cypress_runner.js:165528:18)\n    at Async../node_modules/bluebird/js/release/async.js.Async._drainQueue (http://localhost:42281/__cypress/runner/cypress_runner.js:162140:16)\n    at Async../node_modules/bluebird/js/release/async.js.Async._drainQueues (http://localhost:42281/__cypress/runner/cypress_runner.js:162150:10)\n    at Async.drainQueues (http://localhost:42281/__cypress/runner/cypress_runner.js:162024:14)",
                "diff": null
              },
              "uuid": "9e7778b5-8db0-4125-aab7-2671afcb1918",
              "parentUUID": "9915259c-5382-47d5-8816-55f7797d6be6",
              "isHook": false,
              "skipped": false
            },
            {
              "title": "Verifica se o input só aceita número maiores que zero. Essa restrição deve ser feita usando os atributos do elemento `input`",
              "fullTitle": "10 - Faça o quadro de pixels ter seu tamanho definido pelo usuário. Verifica se o input só aceita número maiores que zero. Essa restrição deve ser feita usando os atributos do elemento `input`",
              "timedOut": null,
              "duration": 4195,
              "state": "failed",
              "speed": null,
              "pass": false,
              "fail": true,
              "pending": false,
              "context": null,
              "code": "cy.get('#board-size[type=\\'number\\'][min=\\'1\\']');",
              "err": {
                "message": "CypressError: Timed out retrying: Expected to find element: '#board-size[type='number'][min='1']', but never found it.",
                "estack": "CypressError: Timed out retrying: Expected to find element: '#board-size[type='number'][min='1']', but never found it.\n    at cypressErr (http://localhost:42281/__cypress/runner/cypress_runner.js:149934:9)\n    at throwErr (http://localhost:42281/__cypress/runner/cypress_runner.js:149867:11)\n    at Object.throwErrByPath (http://localhost:42281/__cypress/runner/cypress_runner.js:149915:3)\n    at retry (http://localhost:42281/__cypress/runner/cypress_runner.js:144197:19)\n    at onFailFn (http://localhost:42281/__cypress/runner/cypress_runner.js:132448:16)\n    at tryCatcher (http://localhost:42281/__cypress/runner/cypress_runner.js:167415:23)\n    at Promise._settlePromiseFromHandler (http://localhost:42281/__cypress/runner/cypress_runner.js:165351:31)\n    at Promise._settlePromise (http://localhost:42281/__cypress/runner/cypress_runner.js:165408:18)\n    at Promise._settlePromise0 (http://localhost:42281/__cypress/runner/cypress_runner.js:165453:10)\n    at Promise._settlePromises (http://localhost:42281/__cypress/runner/cypress_runner.js:165528:18)\n    at Async../node_modules/bluebird/js/release/async.js.Async._drainQueue (http://localhost:42281/__cypress/runner/cypress_runner.js:162140:16)\n    at Async../node_modules/bluebird/js/release/async.js.Async._drainQueues (http://localhost:42281/__cypress/runner/cypress_runner.js:162150:10)\n    at Async.drainQueues (http://localhost:42281/__cypress/runner/cypress_runner.js:162024:14)",
                "diff": null
              },
              "uuid": "b4f8cc65-2cff-461a-ba60-45e4334b3a9d",
              "parentUUID": "9915259c-5382-47d5-8816-55f7797d6be6",
              "isHook": false,
              "skipped": false
            },
            {
              "title": "Verifica se o botão contém o texto 'VQV'",
              "fullTitle": "10 - Faça o quadro de pixels ter seu tamanho definido pelo usuário. Verifica se o botão contém o texto 'VQV'",
              "timedOut": null,
              "duration": 4194,
              "state": "failed",
              "speed": null,
              "pass": false,
              "fail": true,
              "pending": false,
              "context": null,
              "code": "cy.get('#generate-board').contains(/vqv/i);",
              "err": {
                "message": "CypressError: Timed out retrying: Expected to find element: '#generate-board', but never found it.",
                "estack": "CypressError: Timed out retrying: Expected to find element: '#generate-board', but never found it.\n    at cypressErr (http://localhost:42281/__cypress/runner/cypress_runner.js:149934:9)\n    at throwErr (http://localhost:42281/__cypress/runner/cypress_runner.js:149867:11)\n    at Object.throwErrByPath (http://localhost:42281/__cypress/runner/cypress_runner.js:149915:3)\n    at retry (http://localhost:42281/__cypress/runner/cypress_runner.js:144197:19)\n    at onFailFn (http://localhost:42281/__cypress/runner/cypress_runner.js:132448:16)\n    at tryCatcher (http://localhost:42281/__cypress/runner/cypress_runner.js:167415:23)\n    at Promise._settlePromiseFromHandler (http://localhost:42281/__cypress/runner/cypress_runner.js:165351:31)\n    at Promise._settlePromise (http://localhost:42281/__cypress/runner/cypress_runner.js:165408:18)\n    at Promise._settlePromise0 (http://localhost:42281/__cypress/runner/cypress_runner.js:165453:10)\n    at Promise._settlePromises (http://localhost:42281/__cypress/runner/cypress_runner.js:165528:18)\n    at Async../node_modules/bluebird/js/release/async.js.Async._drainQueue (http://localhost:42281/__cypress/runner/cypress_runner.js:162140:16)\n    at Async../node_modules/bluebird/js/release/async.js.Async._drainQueues (http://localhost:42281/__cypress/runner/cypress_runner.js:162150:10)\n    at Async.drainQueues (http://localhost:42281/__cypress/runner/cypress_runner.js:162024:14)",
                "diff": null
              },
              "uuid": "813818b5-e03a-4a20-862e-c7ff9c3c70ee",
              "parentUUID": "9915259c-5382-47d5-8816-55f7797d6be6",
              "isHook": false,
              "skipped": false
            },
            {
              "title": "Verifica se o input está posicionado entre a paleta de cores e o quadro de pixels",
              "fullTitle": "10 - Faça o quadro de pixels ter seu tamanho definido pelo usuário. Verifica se o input está posicionado entre a paleta de cores e o quadro de pixels",
              "timedOut": null,
              "duration": 4186,
              "state": "failed",
              "speed": null,
              "pass": false,
              "fail": true,
              "pending": false,
              "context": null,
              "code": "cy.get('#color-palette').then(function (palette) {\n  cy.get('#board-size').should('be.belowOf', palette);\n});\ncy.get('#board-size').then(function (palette) {\n  cy.get('#pixel-board').should('be.belowOf', palette);\n});",
              "err": {
                "message": "CypressError: Timed out retrying: Expected to find element: '#board-size', but never found it.",
                "estack": "CypressError: Timed out retrying: Expected to find element: '#board-size', but never found it.\n    at cypressErr (http://localhost:42281/__cypress/runner/cypress_runner.js:149934:9)\n    at throwErr (http://localhost:42281/__cypress/runner/cypress_runner.js:149867:11)\n    at Object.throwErrByPath (http://localhost:42281/__cypress/runner/cypress_runner.js:149915:3)\n    at retry (http://localhost:42281/__cypress/runner/cypress_runner.js:144197:19)\n    at onFailFn (http://localhost:42281/__cypress/runner/cypress_runner.js:132448:16)\n    at tryCatcher (http://localhost:42281/__cypress/runner/cypress_runner.js:167415:23)\n    at Promise._settlePromiseFromHandler (http://localhost:42281/__cypress/runner/cypress_runner.js:165351:31)\n    at Promise._settlePromise (http://localhost:42281/__cypress/runner/cypress_runner.js:165408:18)\n    at Promise._settlePromise0 (http://localhost:42281/__cypress/runner/cypress_runner.js:165453:10)\n    at Promise._settlePromises (http://localhost:42281/__cypress/runner/cypress_runner.js:165528:18)\n    at Async../node_modules/bluebird/js/release/async.js.Async._drainQueue (http://localhost:42281/__cypress/runner/cypress_runner.js:162140:16)\n    at Async../node_modules/bluebird/js/release/async.js.Async._drainQueues (http://localhost:42281/__cypress/runner/cypress_runner.js:162150:10)\n    at Async.drainQueues (http://localhost:42281/__cypress/runner/cypress_runner.js:162024:14)",
                "diff": null
              },
              "uuid": "dae8a156-4cbb-4dd0-8691-a07c04c83c4f",
              "parentUUID": "9915259c-5382-47d5-8816-55f7797d6be6",
              "isHook": false,
              "skipped": false
            },
            {
              "title": "Verifica se o botão está posicionado ao lado do input",
              "fullTitle": "10 - Faça o quadro de pixels ter seu tamanho definido pelo usuário. Verifica se o botão está posicionado ao lado do input",
              "timedOut": null,
              "duration": 4207,
              "state": "failed",
              "speed": null,
              "pass": false,
              "fail": true,
              "pending": false,
              "context": null,
              "code": "cy.get('#board-size').then(function (board) {\n  cy.get('#generate-board').should('be.onTheRightOf', board);\n});",
              "err": {
                "message": "CypressError: Timed out retrying: Expected to find element: '#board-size', but never found it.",
                "estack": "CypressError: Timed out retrying: Expected to find element: '#board-size', but never found it.\n    at cypressErr (http://localhost:42281/__cypress/runner/cypress_runner.js:149934:9)\n    at throwErr (http://localhost:42281/__cypress/runner/cypress_runner.js:149867:11)\n    at Object.throwErrByPath (http://localhost:42281/__cypress/runner/cypress_runner.js:149915:3)\n    at retry (http://localhost:42281/__cypress/runner/cypress_runner.js:144197:19)\n    at onFailFn (http://localhost:42281/__cypress/runner/cypress_runner.js:132448:16)\n    at tryCatcher (http://localhost:42281/__cypress/runner/cypress_runner.js:167415:23)\n    at Promise._settlePromiseFromHandler (http://localhost:42281/__cypress/runner/cypress_runner.js:165351:31)\n    at Promise._settlePromise (http://localhost:42281/__cypress/runner/cypress_runner.js:165408:18)\n    at Promise._settlePromise0 (http://localhost:42281/__cypress/runner/cypress_runner.js:165453:10)\n    at Promise._settlePromises (http://localhost:42281/__cypress/runner/cypress_runner.js:165528:18)\n    at Async../node_modules/bluebird/js/release/async.js.Async._drainQueue (http://localhost:42281/__cypress/runner/cypress_runner.js:162140:16)\n    at Async../node_modules/bluebird/js/release/async.js.Async._drainQueues (http://localhost:42281/__cypress/runner/cypress_runner.js:162150:10)\n    at Async.drainQueues (http://localhost:42281/__cypress/runner/cypress_runner.js:162024:14)",
                "diff": null
              },
              "uuid": "950d43a0-50af-48ea-ad8f-28d9484cf292",
              "parentUUID": "9915259c-5382-47d5-8816-55f7797d6be6",
              "isHook": false,
              "skipped": false
            },
            {
              "title": "Verifica se nenhum valor for colocado no input ao clicar no botão, um `alert` é exibido com o texto: 'Board inválido!'",
              "fullTitle": "10 - Faça o quadro de pixels ter seu tamanho definido pelo usuário. Verifica se nenhum valor for colocado no input ao clicar no botão, um `alert` é exibido com o texto: 'Board inválido!'",
              "timedOut": null,
              "duration": 4197,
              "state": "failed",
              "speed": null,
              "pass": false,
              "fail": true,
              "pending": false,
              "context": null,
              "code": "var alerted = false;\ncy.on('window:alert', function (msg) {\n  return alerted = msg;\n});\ncy.get('#generate-board').click().then(function () {\n  return expect(alerted).to.match(/Board inválido!/i);\n});",
              "err": {
                "message": "CypressError: Timed out retrying: Expected to find element: '#generate-board', but never found it.",
                "estack": "CypressError: Timed out retrying: Expected to find element: '#generate-board', but never found it.\n    at cypressErr (http://localhost:42281/__cypress/runner/cypress_runner.js:149934:9)\n    at throwErr (http://localhost:42281/__cypress/runner/cypress_runner.js:149867:11)\n    at Object.throwErrByPath (http://localhost:42281/__cypress/runner/cypress_runner.js:149915:3)\n    at retry (http://localhost:42281/__cypress/runner/cypress_runner.js:144197:19)\n    at onFailFn (http://localhost:42281/__cypress/runner/cypress_runner.js:132448:16)\n    at tryCatcher (http://localhost:42281/__cypress/runner/cypress_runner.js:167415:23)\n    at Promise._settlePromiseFromHandler (http://localhost:42281/__cypress/runner/cypress_runner.js:165351:31)\n    at Promise._settlePromise (http://localhost:42281/__cypress/runner/cypress_runner.js:165408:18)\n    at Promise._settlePromise0 (http://localhost:42281/__cypress/runner/cypress_runner.js:165453:10)\n    at Promise._settlePromises (http://localhost:42281/__cypress/runner/cypress_runner.js:165528:18)\n    at Async../node_modules/bluebird/js/release/async.js.Async._drainQueue (http://localhost:42281/__cypress/runner/cypress_runner.js:162140:16)\n    at Async../node_modules/bluebird/js/release/async.js.Async._drainQueues (http://localhost:42281/__cypress/runner/cypress_runner.js:162150:10)\n    at Async.drainQueues (http://localhost:42281/__cypress/runner/cypress_runner.js:162024:14)",
                "diff": null
              },
              "uuid": "40df3338-a083-4318-ab5a-b5dba4021254",
              "parentUUID": "9915259c-5382-47d5-8816-55f7797d6be6",
              "isHook": false,
              "skipped": false
            },
            {
              "title": "Verifica se ao clicar no botão com um valor preenchido, o tamanho do board muda.",
              "fullTitle": "10 - Faça o quadro de pixels ter seu tamanho definido pelo usuário. Verifica se ao clicar no botão com um valor preenchido, o tamanho do board muda.",
              "timedOut": null,
              "duration": 4190,
              "state": "failed",
              "speed": null,
              "pass": false,
              "fail": true,
              "pending": false,
              "context": null,
              "code": "cy.get('#board-size').clear().type(10);\ncy.get('#generate-board').click();\ncy.get('.pixel').should('have.length', 100);",
              "err": {
                "message": "CypressError: Timed out retrying: Expected to find element: '#board-size', but never found it.",
                "estack": "CypressError: Timed out retrying: Expected to find element: '#board-size', but never found it.\n    at cypressErr (http://localhost:42281/__cypress/runner/cypress_runner.js:149934:9)\n    at throwErr (http://localhost:42281/__cypress/runner/cypress_runner.js:149867:11)\n    at Object.throwErrByPath (http://localhost:42281/__cypress/runner/cypress_runner.js:149915:3)\n    at retry (http://localhost:42281/__cypress/runner/cypress_runner.js:144197:19)\n    at onFailFn (http://localhost:42281/__cypress/runner/cypress_runner.js:132448:16)\n    at tryCatcher (http://localhost:42281/__cypress/runner/cypress_runner.js:167415:23)\n    at Promise._settlePromiseFromHandler (http://localhost:42281/__cypress/runner/cypress_runner.js:165351:31)\n    at Promise._settlePromise (http://localhost:42281/__cypress/runner/cypress_runner.js:165408:18)\n    at Promise._settlePromise0 (http://localhost:42281/__cypress/runner/cypress_runner.js:165453:10)\n    at Promise._settlePromises (http://localhost:42281/__cypress/runner/cypress_runner.js:165528:18)\n    at Async../node_modules/bluebird/js/release/async.js.Async._drainQueue (http://localhost:42281/__cypress/runner/cypress_runner.js:162140:16)\n    at Async../node_modules/bluebird/js/release/async.js.Async._drainQueues (http://localhost:42281/__cypress/runner/cypress_runner.js:162150:10)\n    at Async.drainQueues (http://localhost:42281/__cypress/runner/cypress_runner.js:162024:14)",
                "diff": null
              },
              "uuid": "f3d5af70-89ba-4284-9d6c-caebfd1441a9",
              "parentUUID": "9915259c-5382-47d5-8816-55f7797d6be6",
              "isHook": false,
              "skipped": false
            },
            {
              "title": "Verifica se o novo quadro tem todos os pixels preenchidos com a cor branca",
              "fullTitle": "10 - Faça o quadro de pixels ter seu tamanho definido pelo usuário. Verifica se o novo quadro tem todos os pixels preenchidos com a cor branca",
              "timedOut": null,
              "duration": 4184,
              "state": "failed",
              "speed": null,
              "pass": false,
              "fail": true,
              "pending": false,
              "context": null,
              "code": "cy.get('#board-size').clear().type(6);\ncy.get('#generate-board').click();\ncy.get('.pixel').should('have.length', 36).each(function (pixel) {\n  expect(pixel).to.have.css('background-color', WHITE);\n});",
              "err": {
                "message": "CypressError: Timed out retrying: Expected to find element: '#board-size', but never found it.",
                "estack": "CypressError: Timed out retrying: Expected to find element: '#board-size', but never found it.\n    at cypressErr (http://localhost:42281/__cypress/runner/cypress_runner.js:149934:9)\n    at throwErr (http://localhost:42281/__cypress/runner/cypress_runner.js:149867:11)\n    at Object.throwErrByPath (http://localhost:42281/__cypress/runner/cypress_runner.js:149915:3)\n    at retry (http://localhost:42281/__cypress/runner/cypress_runner.js:144197:19)\n    at onFailFn (http://localhost:42281/__cypress/runner/cypress_runner.js:132448:16)\n    at tryCatcher (http://localhost:42281/__cypress/runner/cypress_runner.js:167415:23)\n    at Promise._settlePromiseFromHandler (http://localhost:42281/__cypress/runner/cypress_runner.js:165351:31)\n    at Promise._settlePromise (http://localhost:42281/__cypress/runner/cypress_runner.js:165408:18)\n    at Promise._settlePromise0 (http://localhost:42281/__cypress/runner/cypress_runner.js:165453:10)\n    at Promise._settlePromises (http://localhost:42281/__cypress/runner/cypress_runner.js:165528:18)\n    at Async../node_modules/bluebird/js/release/async.js.Async._drainQueue (http://localhost:42281/__cypress/runner/cypress_runner.js:162140:16)\n    at Async../node_modules/bluebird/js/release/async.js.Async._drainQueues (http://localhost:42281/__cypress/runner/cypress_runner.js:162150:10)\n    at Async.drainQueues (http://localhost:42281/__cypress/runner/cypress_runner.js:162024:14)",
                "diff": null
              },
              "uuid": "954aa871-82ae-4f90-ad5c-9d4eecd556e1",
              "parentUUID": "9915259c-5382-47d5-8816-55f7797d6be6",
              "isHook": false,
              "skipped": false
            }
          ],
          "suites": [],
          "passes": [],
          "failures": [
            "a96681e1-ce4f-42fa-b38b-cd1c389a9570",
            "9e7778b5-8db0-4125-aab7-2671afcb1918",
            "b4f8cc65-2cff-461a-ba60-45e4334b3a9d",
            "813818b5-e03a-4a20-862e-c7ff9c3c70ee",
            "dae8a156-4cbb-4dd0-8691-a07c04c83c4f",
            "950d43a0-50af-48ea-ad8f-28d9484cf292",
            "40df3338-a083-4318-ab5a-b5dba4021254",
            "f3d5af70-89ba-4284-9d6c-caebfd1441a9",
            "954aa871-82ae-4f90-ad5c-9d4eecd556e1"
          ],
          "pending": [],
          "skipped": [],
          "duration": 37780,
          "root": false,
          "rootEmpty": false,
          "_timeout": 2000
        },
        {
          "uuid": "22fe44ec-2234-4278-903e-b7ad6896b2a1",
          "title": "11 - Limite o tamanho mínimo e máximo do board.",
          "fullFile": "",
          "file": "",
          "beforeHooks": [],
          "afterHooks": [],
          "tests": [
            {
              "title": "Verifica se a altura máxima do board é 50",
              "fullTitle": "11 - Limite o tamanho mínimo e máximo do board. Verifica se a altura máxima do board é 50",
              "timedOut": null,
              "duration": 4207,
              "state": "failed",
              "speed": null,
              "pass": false,
              "fail": true,
              "pending": false,
              "context": null,
              "code": "cy.get('#board-size').clear().type(50);\ncy.get('#generate-board').click();\ncy.get('.pixel').should('have.length', 2500);",
              "err": {
                "message": "CypressError: Timed out retrying: Expected to find element: '#board-size', but never found it.",
                "estack": "CypressError: Timed out retrying: Expected to find element: '#board-size', but never found it.\n    at cypressErr (http://localhost:42281/__cypress/runner/cypress_runner.js:149934:9)\n    at throwErr (http://localhost:42281/__cypress/runner/cypress_runner.js:149867:11)\n    at Object.throwErrByPath (http://localhost:42281/__cypress/runner/cypress_runner.js:149915:3)\n    at retry (http://localhost:42281/__cypress/runner/cypress_runner.js:144197:19)\n    at onFailFn (http://localhost:42281/__cypress/runner/cypress_runner.js:132448:16)\n    at tryCatcher (http://localhost:42281/__cypress/runner/cypress_runner.js:167415:23)\n    at Promise._settlePromiseFromHandler (http://localhost:42281/__cypress/runner/cypress_runner.js:165351:31)\n    at Promise._settlePromise (http://localhost:42281/__cypress/runner/cypress_runner.js:165408:18)\n    at Promise._settlePromise0 (http://localhost:42281/__cypress/runner/cypress_runner.js:165453:10)\n    at Promise._settlePromises (http://localhost:42281/__cypress/runner/cypress_runner.js:165528:18)\n    at Async../node_modules/bluebird/js/release/async.js.Async._drainQueue (http://localhost:42281/__cypress/runner/cypress_runner.js:162140:16)\n    at Async../node_modules/bluebird/js/release/async.js.Async._drainQueues (http://localhost:42281/__cypress/runner/cypress_runner.js:162150:10)\n    at Async.drainQueues (http://localhost:42281/__cypress/runner/cypress_runner.js:162024:14)",
                "diff": null
              },
              "uuid": "c0f4460d-81e1-4174-b601-d856c0a4f6ba",
              "parentUUID": "22fe44ec-2234-4278-903e-b7ad6896b2a1",
              "isHook": false,
              "skipped": false
            },
            {
              "title": "Verifica se a altura do board é 5 quando um valor menor é colocado no input",
              "fullTitle": "11 - Limite o tamanho mínimo e máximo do board. Verifica se a altura do board é 5 quando um valor menor é colocado no input",
              "timedOut": null,
              "duration": 4224,
              "state": "failed",
              "speed": null,
              "pass": false,
              "fail": true,
              "pending": false,
              "context": null,
              "code": "cy.get('#board-size').clear().type(4);\ncy.get('#generate-board').click();\ncy.get('.pixel').should('have.length', 25);",
              "err": {
                "message": "CypressError: Timed out retrying: Expected to find element: '#board-size', but never found it.",
                "estack": "CypressError: Timed out retrying: Expected to find element: '#board-size', but never found it.\n    at cypressErr (http://localhost:42281/__cypress/runner/cypress_runner.js:149934:9)\n    at throwErr (http://localhost:42281/__cypress/runner/cypress_runner.js:149867:11)\n    at Object.throwErrByPath (http://localhost:42281/__cypress/runner/cypress_runner.js:149915:3)\n    at retry (http://localhost:42281/__cypress/runner/cypress_runner.js:144197:19)\n    at onFailFn (http://localhost:42281/__cypress/runner/cypress_runner.js:132448:16)\n    at tryCatcher (http://localhost:42281/__cypress/runner/cypress_runner.js:167415:23)\n    at Promise._settlePromiseFromHandler (http://localhost:42281/__cypress/runner/cypress_runner.js:165351:31)\n    at Promise._settlePromise (http://localhost:42281/__cypress/runner/cypress_runner.js:165408:18)\n    at Promise._settlePromise0 (http://localhost:42281/__cypress/runner/cypress_runner.js:165453:10)\n    at Promise._settlePromises (http://localhost:42281/__cypress/runner/cypress_runner.js:165528:18)\n    at Async../node_modules/bluebird/js/release/async.js.Async._drainQueue (http://localhost:42281/__cypress/runner/cypress_runner.js:162140:16)\n    at Async../node_modules/bluebird/js/release/async.js.Async._drainQueues (http://localhost:42281/__cypress/runner/cypress_runner.js:162150:10)\n    at Async.drainQueues (http://localhost:42281/__cypress/runner/cypress_runner.js:162024:14)",
                "diff": null
              },
              "uuid": "1f8a3bb3-a0b1-4eb2-8cd2-f395f39b8a93",
              "parentUUID": "22fe44ec-2234-4278-903e-b7ad6896b2a1",
              "isHook": false,
              "skipped": false
            },
            {
              "title": "Verifica se a altura do board é 50 quando um valor maior é colocado no input",
              "fullTitle": "11 - Limite o tamanho mínimo e máximo do board. Verifica se a altura do board é 50 quando um valor maior é colocado no input",
              "timedOut": null,
              "duration": 4217,
              "state": "failed",
              "speed": null,
              "pass": false,
              "fail": true,
              "pending": false,
              "context": null,
              "code": "cy.get('#board-size').clear().type(51);\ncy.get('#generate-board').click();\ncy.get('.pixel').should('have.length', 2500);",
              "err": {
                "message": "CypressError: Timed out retrying: Expected to find element: '#board-size', but never found it.",
                "estack": "CypressError: Timed out retrying: Expected to find element: '#board-size', but never found it.\n    at cypressErr (http://localhost:42281/__cypress/runner/cypress_runner.js:149934:9)\n    at throwErr (http://localhost:42281/__cypress/runner/cypress_runner.js:149867:11)\n    at Object.throwErrByPath (http://localhost:42281/__cypress/runner/cypress_runner.js:149915:3)\n    at retry (http://localhost:42281/__cypress/runner/cypress_runner.js:144197:19)\n    at onFailFn (http://localhost:42281/__cypress/runner/cypress_runner.js:132448:16)\n    at tryCatcher (http://localhost:42281/__cypress/runner/cypress_runner.js:167415:23)\n    at Promise._settlePromiseFromHandler (http://localhost:42281/__cypress/runner/cypress_runner.js:165351:31)\n    at Promise._settlePromise (http://localhost:42281/__cypress/runner/cypress_runner.js:165408:18)\n    at Promise._settlePromise0 (http://localhost:42281/__cypress/runner/cypress_runner.js:165453:10)\n    at Promise._settlePromises (http://localhost:42281/__cypress/runner/cypress_runner.js:165528:18)\n    at Async../node_modules/bluebird/js/release/async.js.Async._drainQueue (http://localhost:42281/__cypress/runner/cypress_runner.js:162140:16)\n    at Async../node_modules/bluebird/js/release/async.js.Async._drainQueues (http://localhost:42281/__cypress/runner/cypress_runner.js:162150:10)\n    at Async.drainQueues (http://localhost:42281/__cypress/runner/cypress_runner.js:162024:14)",
                "diff": null
              },
              "uuid": "41de3899-6052-47dd-b0e5-9c09587bbb14",
              "parentUUID": "22fe44ec-2234-4278-903e-b7ad6896b2a1",
              "isHook": false,
              "skipped": false
            }
          ],
          "suites": [],
          "passes": [],
          "failures": [
            "c0f4460d-81e1-4174-b601-d856c0a4f6ba",
            "1f8a3bb3-a0b1-4eb2-8cd2-f395f39b8a93",
            "41de3899-6052-47dd-b0e5-9c09587bbb14"
          ],
          "pending": [],
          "skipped": [],
          "duration": 12648,
          "root": false,
          "rootEmpty": false,
          "_timeout": 2000
        },
        {
          "uuid": "d87951f9-3fec-4f6a-bc29-e0bc1097f9b1",
          "title": "12 - Faça com que as cores da paleta sejam geradas aleatoriamente ao carregar a página.",
          "fullFile": "",
          "file": "",
          "beforeHooks": [],
          "afterHooks": [],
          "tests": [
            {
              "title": "Verifica se as cores geradas na paleta são diferentes a cada carregamento da página",
              "fullTitle": "12 - Faça com que as cores da paleta sejam geradas aleatoriamente ao carregar a página. Verifica se as cores geradas na paleta são diferentes a cada carregamento da página",
              "timedOut": null,
              "duration": 241,
              "state": "failed",
              "speed": null,
              "pass": false,
              "fail": true,
              "pending": false,
              "context": null,
              "code": "cy.get('.color').then(function (colors) {\n  var currentColors;\n  var previousColors;\n  previousColors = Array.from(colors).map(function (color) {\n    return Cypress.$(color).css('background-color');\n  });\n  for (var i = 0; i < 5; i += 1) {\n    cy.reload();\n    cy.get('.color').then(function (colors) {\n      currentColors = Array.from(colors).map(function (color) {\n        return Cypress.$(color).css('background-color');\n      });\n      expect(currentColors).not.to.deep.equal(previousColors);\n      previousColors = currentColors;\n    });\n  }\n});",
              "err": {
                "message": "AssertionError: expected [ Array(4) ] to not deeply equal [ Array(4) ]",
                "estack": "AssertionError: expected [ Array(4) ] to not deeply equal [ Array(4) ]\n    at getRet (http://localhost:42281/__cypress/runner/cypress_runner.js:136585:16)\n    at tryCatcher (http://localhost:42281/__cypress/runner/cypress_runner.js:167415:23)\n    at Function.Promise.attempt.Promise.try (http://localhost:42281/__cypress/runner/cypress_runner.js:164690:29)\n    at Context.thenFn (http://localhost:42281/__cypress/runner/cypress_runner.js:136599:23)\n    at Context.then (http://localhost:42281/__cypress/runner/cypress_runner.js:136971:21)\n    at Context.<anonymous> (http://localhost:42281/__cypress/runner/cypress_runner.js:148875:21)\n    at http://localhost:42281/__cypress/runner/cypress_runner.js:148351:33\n    at tryCatcher (http://localhost:42281/__cypress/runner/cypress_runner.js:167415:23)\n    at Promise._settlePromiseFromHandler (http://localhost:42281/__cypress/runner/cypress_runner.js:165351:31)\n    at Promise._settlePromise (http://localhost:42281/__cypress/runner/cypress_runner.js:165408:18)\n    at Promise._settlePromiseCtx (http://localhost:42281/__cypress/runner/cypress_runner.js:165445:10)\n    at Async../node_modules/bluebird/js/release/async.js.Async._drainQueue (http://localhost:42281/__cypress/runner/cypress_runner.js:162145:12)\n    at Async../node_modules/bluebird/js/release/async.js.Async._drainQueues (http://localhost:42281/__cypress/runner/cypress_runner.js:162150:10)\n    at Async.drainQueues (http://localhost:42281/__cypress/runner/cypress_runner.js:162024:14)",
                "diff": ""
              },
              "uuid": "05e538ce-5781-4a9a-8781-bebe06a8da72",
              "parentUUID": "d87951f9-3fec-4f6a-bc29-e0bc1097f9b1",
              "isHook": false,
              "skipped": false
            },
            {
              "title": "Verifica se a cor preta ainda está presente e é a primeira na sua paleta de cores",
              "fullTitle": "12 - Faça com que as cores da paleta sejam geradas aleatoriamente ao carregar a página. Verifica se a cor preta ainda está presente e é a primeira na sua paleta de cores",
              "timedOut": null,
              "duration": 215,
              "state": "failed",
              "speed": null,
              "pass": false,
              "fail": true,
              "pending": false,
              "context": null,
              "code": "cy.get('.color').then(function (colors) {\n  var currentColors;\n  var previousColors;\n  previousColors = Array.from(colors).map(function (color) {\n    return Cypress.$(color).css('background-color');\n  });\n  expect(previousColors[0]).to.eq(BLACK);\n  for (var i = 0; i < 5; i += 1) {\n    cy.reload();\n    cy.get('.color').then(function (colors) {\n      currentColors = Array.from(colors).map(function (color) {\n        return Cypress.$(color).css('background-color');\n      });\n      expect(currentColors[0]).to.eq(BLACK);\n      expect(currentColors).not.to.deep.equal(previousColors);\n      previousColors = currentColors;\n    });\n  }\n});",
              "err": {
                "message": "AssertionError: expected [ Array(4) ] to not deeply equal [ Array(4) ]",
                "estack": "AssertionError: expected [ Array(4) ] to not deeply equal [ Array(4) ]\n    at getRet (http://localhost:42281/__cypress/runner/cypress_runner.js:136585:16)\n    at tryCatcher (http://localhost:42281/__cypress/runner/cypress_runner.js:167415:23)\n    at Function.Promise.attempt.Promise.try (http://localhost:42281/__cypress/runner/cypress_runner.js:164690:29)\n    at Context.thenFn (http://localhost:42281/__cypress/runner/cypress_runner.js:136599:23)\n    at Context.then (http://localhost:42281/__cypress/runner/cypress_runner.js:136971:21)\n    at Context.<anonymous> (http://localhost:42281/__cypress/runner/cypress_runner.js:148875:21)\n    at http://localhost:42281/__cypress/runner/cypress_runner.js:148351:33\n    at tryCatcher (http://localhost:42281/__cypress/runner/cypress_runner.js:167415:23)\n    at Promise._settlePromiseFromHandler (http://localhost:42281/__cypress/runner/cypress_runner.js:165351:31)\n    at Promise._settlePromise (http://localhost:42281/__cypress/runner/cypress_runner.js:165408:18)\n    at Promise._settlePromiseCtx (http://localhost:42281/__cypress/runner/cypress_runner.js:165445:10)\n    at Async../node_modules/bluebird/js/release/async.js.Async._drainQueue (http://localhost:42281/__cypress/runner/cypress_runner.js:162145:12)\n    at Async../node_modules/bluebird/js/release/async.js.Async._drainQueues (http://localhost:42281/__cypress/runner/cypress_runner.js:162150:10)\n    at Async.drainQueues (http://localhost:42281/__cypress/runner/cypress_runner.js:162024:14)",
                "diff": ""
              },
              "uuid": "a197ad33-c077-4bae-a41f-69dcbf29514e",
              "parentUUID": "d87951f9-3fec-4f6a-bc29-e0bc1097f9b1",
              "isHook": false,
              "skipped": false
            }
          ],
          "suites": [],
          "passes": [],
          "failures": [
            "05e538ce-5781-4a9a-8781-bebe06a8da72",
            "a197ad33-c077-4bae-a41f-69dcbf29514e"
          ],
          "pending": [],
          "skipped": [],
          "duration": 456,
          "root": false,
          "rootEmpty": false,
          "_timeout": 2000
        }
      ],
      "passes": [],
      "failures": [],
      "pending": [],
      "skipped": [],
      "duration": 0,
      "root": true,
      "rootEmpty": true,
      "_timeout": 2000
    }
  ],
  "meta": {
    "mocha": {
      "version": "7.0.1"
    },
    "mochawesome": {
      "options": {
        "quiet": false,
        "reportFilename": "mochawesome",
        "saveHtml": false,
        "saveJson": true,
        "consoleReporter": "spec",
        "useInlineDiffs": false
      },
      "version": "4.1.0"
    },
    "marge": {
      "options": {
        "id": "default",
        "reportDir": "cypress/reports",
        "overwrite": true,
        "html": false,
        "json": true
      },
      "version": "4.1.0"
    }
  }
}