{
  "stats": {
    "suites": 12,
    "tests": 41,
    "passes": 9,
    "pending": 0,
    "failures": 32,
    "start": "2022-07-04T19:19:01.093Z",
    "end": "2022-07-04T19:21:06.649Z",
    "duration": 125556,
    "testsRegistered": 41,
    "passPercent": 21.951219512195124,
    "pendingPercent": 0,
    "other": 0,
    "hasOther": false,
    "skipped": 0,
    "hasSkipped": false
  },
  "results": [
    {
      "uuid": "2a20cc4d-b60d-4703-82c3-1ada14e3b14f",
      "title": "",
      "fullFile": "cypress/integration/project.spec.js",
      "file": "cypress/integration/project.spec.js",
      "beforeHooks": [],
      "afterHooks": [],
      "tests": [],
      "suites": [
        {
          "uuid": "33cf1a7c-8276-476c-be3e-c1e7055c2a99",
          "title": "1 - Adicione à página o título \"Paleta de Cores\".",
          "fullFile": "",
          "file": "",
          "beforeHooks": [],
          "afterHooks": [],
          "tests": [
            {
              "title": "Verifica se contém um elemento `h1` com o id `title` com o título correto",
              "fullTitle": "1 - Adicione à página o título \"Paleta de Cores\". Verifica se contém um elemento `h1` com o id `title` com o título correto",
              "timedOut": null,
              "duration": 107,
              "state": "passed",
              "speed": "slow",
              "pass": true,
              "fail": false,
              "pending": false,
              "context": null,
              "code": "cy.get('h1#title').should('contain.text', 'Paleta de Cores');",
              "err": {},
              "uuid": "d46bc3d5-e069-488b-a564-89587839572e",
              "parentUUID": "33cf1a7c-8276-476c-be3e-c1e7055c2a99",
              "isHook": false,
              "skipped": false
            }
          ],
          "suites": [],
          "passes": [
            "d46bc3d5-e069-488b-a564-89587839572e"
          ],
          "failures": [],
          "pending": [],
          "skipped": [],
          "duration": 107,
          "root": false,
          "rootEmpty": false,
          "_timeout": 2000
        },
        {
          "uuid": "5e721809-a249-458f-9645-b56b08fcf548",
          "title": "2 - Adicione à página uma paleta de quatro cores distintas.",
          "fullFile": "",
          "file": "",
          "beforeHooks": [],
          "afterHooks": [],
          "tests": [
            {
              "title": "A paleta de cores deve ser um elemento com `id` denominado `color-palette` e ter mais de 0px de altura e de largura.",
              "fullTitle": "2 - Adicione à página uma paleta de quatro cores distintas. A paleta de cores deve ser um elemento com `id` denominado `color-palette` e ter mais de 0px de altura e de largura.",
              "timedOut": null,
              "duration": 50,
              "state": "passed",
              "speed": "medium",
              "pass": true,
              "fail": false,
              "pending": false,
              "context": null,
              "code": "cy.get('#color-palette').should('be.visible');\ncy.get('#color-palette').children('.color');",
              "err": {},
              "uuid": "ba092709-77d5-4301-829a-e3c3d9b68815",
              "parentUUID": "5e721809-a249-458f-9645-b56b08fcf548",
              "isHook": false,
              "skipped": false
            },
            {
              "title": "Verifica se cada cor individual da paleta de cores possui a `classe` chamada `color`.",
              "fullTitle": "2 - Adicione à página uma paleta de quatro cores distintas. Verifica se cada cor individual da paleta de cores possui a `classe` chamada `color`.",
              "timedOut": null,
              "duration": 68,
              "state": "passed",
              "speed": "medium",
              "pass": true,
              "fail": false,
              "pending": false,
              "context": null,
              "code": "cy.get('.color').should('have.length', 4).then(function (colors) {\n  for (var i = 0; i < colors.length; i++) {\n    cy.wrap(colors[i]).should('be.visible');\n  }\n});",
              "err": {},
              "uuid": "b6e0621a-9116-4394-9591-d731e994a846",
              "parentUUID": "5e721809-a249-458f-9645-b56b08fcf548",
              "isHook": false,
              "skipped": false
            },
            {
              "title": "Verifica se a cor de fundo de cada elemento da paleta é a cor que o elemento representa. **A única cor não permitida na paleta é a cor branca.**",
              "fullTitle": "2 - Adicione à página uma paleta de quatro cores distintas. Verifica se a cor de fundo de cada elemento da paleta é a cor que o elemento representa. **A única cor não permitida na paleta é a cor branca.**",
              "timedOut": null,
              "duration": 83,
              "state": "passed",
              "speed": "slow",
              "pass": true,
              "fail": false,
              "pending": false,
              "context": null,
              "code": "cy.get('.color').each(function (color) {\n  cy.wrap(color).should('have.class', 'color').and('not.have.css', 'background-color', WHITE);\n  cy.wrap(color).should('have.css', 'background-color');\n});",
              "err": {},
              "uuid": "291c348c-2b27-4d57-8a40-dd20cd2f1b89",
              "parentUUID": "5e721809-a249-458f-9645-b56b08fcf548",
              "isHook": false,
              "skipped": false
            },
            {
              "title": "Verifica se cada elemento da paleta de cores tem uma borda preta, sólida e com 1 pixel de largura;",
              "fullTitle": "2 - Adicione à página uma paleta de quatro cores distintas. Verifica se cada elemento da paleta de cores tem uma borda preta, sólida e com 1 pixel de largura;",
              "timedOut": null,
              "duration": 55,
              "state": "passed",
              "speed": "medium",
              "pass": true,
              "fail": false,
              "pending": false,
              "context": null,
              "code": "cy.get('.color').each(function (color) {\n  cy.wrap(color).and('have.css', 'border', \"1px solid \".concat(BLACK)).and('have.class', 'color');\n});",
              "err": {},
              "uuid": "3a9a18e5-20c1-4cd2-b13b-da62f9a232b5",
              "parentUUID": "5e721809-a249-458f-9645-b56b08fcf548",
              "isHook": false,
              "skipped": false
            },
            {
              "title": "Verifica se a paleta lista todas as cores disponíveis para utilização, lado a lado.",
              "fullTitle": "2 - Adicione à página uma paleta de quatro cores distintas. Verifica se a paleta lista todas as cores disponíveis para utilização, lado a lado.",
              "timedOut": null,
              "duration": 61,
              "state": "passed",
              "speed": "medium",
              "pass": true,
              "fail": false,
              "pending": false,
              "context": null,
              "code": "cy.get('.color').then(function (colors) {\n  for (var index = 1; index < colors.length; index += 1) {\n    var currentColor = colors[index];\n    var previousColor = colors[index - 1];\n    cy.wrap(currentColor).should('be.onTheRightOf', previousColor).and('be.horizontallyAlignedWith', previousColor);\n  }\n});",
              "err": {},
              "uuid": "db931100-b3ac-443e-83d5-8d043b285687",
              "parentUUID": "5e721809-a249-458f-9645-b56b08fcf548",
              "isHook": false,
              "skipped": false
            },
            {
              "title": "Verifica se a paleta de cores está posicionada abaixo do título 'Paleta de Cores'",
              "fullTitle": "2 - Adicione à página uma paleta de quatro cores distintas. Verifica se a paleta de cores está posicionada abaixo do título 'Paleta de Cores'",
              "timedOut": null,
              "duration": 62,
              "state": "passed",
              "speed": "medium",
              "pass": true,
              "fail": false,
              "pending": false,
              "context": null,
              "code": "cy.get('h1#title').then(function (title) {\n  cy.get('#color-palette').should('be.belowOf', title);\n});",
              "err": {},
              "uuid": "fe26359d-3ada-4c19-bfda-9e3ea9c5709f",
              "parentUUID": "5e721809-a249-458f-9645-b56b08fcf548",
              "isHook": false,
              "skipped": false
            },
            {
              "title": "Verifica se a paleta de cores não contém cores repetidas.",
              "fullTitle": "2 - Adicione à página uma paleta de quatro cores distintas. Verifica se a paleta de cores não contém cores repetidas.",
              "timedOut": null,
              "duration": 72,
              "state": "passed",
              "speed": "medium",
              "pass": true,
              "fail": false,
              "pending": false,
              "context": null,
              "code": "cy.get('.color').then(function (colors) {\n  var allColors = Array.from(colors).map(function (color) {\n    return Cypress.$(color).css('background-color');\n  });\n  cy.log(allColors);\n  var uniqColors = (0, _toConsumableArray2[\"default\"])(new Set(allColors));\n  cy.log(uniqColors);\n  expect(allColors.length).to.eq(uniqColors.length);\n});",
              "err": {},
              "uuid": "8481b6aa-87e9-4cf4-a456-2d01031eddc9",
              "parentUUID": "5e721809-a249-458f-9645-b56b08fcf548",
              "isHook": false,
              "skipped": false
            }
          ],
          "suites": [],
          "passes": [
            "ba092709-77d5-4301-829a-e3c3d9b68815",
            "b6e0621a-9116-4394-9591-d731e994a846",
            "291c348c-2b27-4d57-8a40-dd20cd2f1b89",
            "3a9a18e5-20c1-4cd2-b13b-da62f9a232b5",
            "db931100-b3ac-443e-83d5-8d043b285687",
            "fe26359d-3ada-4c19-bfda-9e3ea9c5709f",
            "8481b6aa-87e9-4cf4-a456-2d01031eddc9"
          ],
          "failures": [],
          "pending": [],
          "skipped": [],
          "duration": 451,
          "root": false,
          "rootEmpty": false,
          "_timeout": 2000
        },
        {
          "uuid": "3c8c6962-01f5-4aa7-841b-71857a4dea9f",
          "title": "3 - Adicione a cor **preta** como a primeira cor da paleta de cores.",
          "fullFile": "",
          "file": "",
          "beforeHooks": [],
          "afterHooks": [],
          "tests": [
            {
              "title": "Verifica se a primeira cor da paleta é preta",
              "fullTitle": "3 - Adicione a cor **preta** como a primeira cor da paleta de cores. Verifica se a primeira cor da paleta é preta",
              "timedOut": null,
              "duration": 4158,
              "state": "failed",
              "speed": null,
              "pass": false,
              "fail": true,
              "pending": false,
              "context": null,
              "code": "cy.get('.color').first().should('have.css', 'background-color', BLACK);",
              "err": {
                "message": "CypressError: Timed out retrying: expected '<div#color01.color>' to have CSS property 'background-color' with the value 'rgb(0, 0, 0)', but the value was 'rgb(135, 60, 160)'",
                "estack": "CypressError: Timed out retrying: expected '<div#color01.color>' to have CSS property 'background-color' with the value 'rgb(0, 0, 0)', but the value was 'rgb(135, 60, 160)'\n    at cypressErr (http://localhost:34891/__cypress/runner/cypress_runner.js:149934:9)\n    at throwErr (http://localhost:34891/__cypress/runner/cypress_runner.js:149867:11)\n    at Object.throwErrByPath (http://localhost:34891/__cypress/runner/cypress_runner.js:149915:3)\n    at retry (http://localhost:34891/__cypress/runner/cypress_runner.js:144197:19)\n    at onFailFn (http://localhost:34891/__cypress/runner/cypress_runner.js:132448:16)\n    at tryCatcher (http://localhost:34891/__cypress/runner/cypress_runner.js:167415:23)\n    at Promise._settlePromiseFromHandler (http://localhost:34891/__cypress/runner/cypress_runner.js:165351:31)\n    at Promise._settlePromise (http://localhost:34891/__cypress/runner/cypress_runner.js:165408:18)\n    at Promise._settlePromise0 (http://localhost:34891/__cypress/runner/cypress_runner.js:165453:10)\n    at Promise._settlePromises (http://localhost:34891/__cypress/runner/cypress_runner.js:165528:18)\n    at Async../node_modules/bluebird/js/release/async.js.Async._drainQueue (http://localhost:34891/__cypress/runner/cypress_runner.js:162140:16)\n    at Async../node_modules/bluebird/js/release/async.js.Async._drainQueues (http://localhost:34891/__cypress/runner/cypress_runner.js:162150:10)\n    at Async.drainQueues (http://localhost:34891/__cypress/runner/cypress_runner.js:162024:14)",
                "diff": null
              },
              "uuid": "ff235285-d9f2-4f01-ada2-6957484683e7",
              "parentUUID": "3c8c6962-01f5-4aa7-841b-71857a4dea9f",
              "isHook": false,
              "skipped": false
            },
            {
              "title": "Verifica se as demais cores podem ser escolhidas livremente.",
              "fullTitle": "3 - Adicione a cor **preta** como a primeira cor da paleta de cores. Verifica se as demais cores podem ser escolhidas livremente.",
              "timedOut": null,
              "duration": 4254,
              "state": "failed",
              "speed": null,
              "pass": false,
              "fail": true,
              "pending": false,
              "context": null,
              "code": "cy.get('.color').eq(1).should('not.have.css', 'background-color', BLACK);\ncy.get('.color').eq(1).should('not.have.css', 'background-color', WHITE);\ncy.get('.color').eq(1).should('not.have.css', 'background-color', 'rgba(0, 0, 0, 0)');\ncy.get('.color').eq(1).should('have.css', 'background-color');\ncy.get('.color').eq(2).should('not.have.css', 'background-color', BLACK);\ncy.get('.color').eq(2).should('not.have.css', 'background-color', WHITE);\ncy.get('.color').eq(2).should('not.have.css', 'background-color', 'rgba(0, 0, 0, 0)');\ncy.get('.color').eq(2).should('have.css', 'background-color');\ncy.get('.color').eq(3).should('not.have.css', 'background-color', BLACK);\ncy.get('.color').eq(3).should('not.have.css', 'background-color', WHITE);\ncy.get('.color').eq(3).should('not.have.css', 'background-color', 'rgba(0, 0, 0, 0)');\ncy.get('.color').eq(3).should('have.css', 'background-color');",
              "err": {
                "message": "CypressError: Timed out retrying: expected '<div#color04.color>' not to have CSS property 'background-color' with the value 'rgba(0, 0, 0, 0)', but the value was 'rgba(0, 0, 0, 0)'",
                "estack": "CypressError: Timed out retrying: expected '<div#color04.color>' not to have CSS property 'background-color' with the value 'rgba(0, 0, 0, 0)', but the value was 'rgba(0, 0, 0, 0)'\n    at cypressErr (http://localhost:34891/__cypress/runner/cypress_runner.js:149934:9)\n    at throwErr (http://localhost:34891/__cypress/runner/cypress_runner.js:149867:11)\n    at Object.throwErrByPath (http://localhost:34891/__cypress/runner/cypress_runner.js:149915:3)\n    at retry (http://localhost:34891/__cypress/runner/cypress_runner.js:144197:19)\n    at onFailFn (http://localhost:34891/__cypress/runner/cypress_runner.js:132448:16)\n    at tryCatcher (http://localhost:34891/__cypress/runner/cypress_runner.js:167415:23)\n    at Promise._settlePromiseFromHandler (http://localhost:34891/__cypress/runner/cypress_runner.js:165351:31)\n    at Promise._settlePromise (http://localhost:34891/__cypress/runner/cypress_runner.js:165408:18)\n    at Promise._settlePromise0 (http://localhost:34891/__cypress/runner/cypress_runner.js:165453:10)\n    at Promise._settlePromises (http://localhost:34891/__cypress/runner/cypress_runner.js:165528:18)\n    at Async../node_modules/bluebird/js/release/async.js.Async._drainQueue (http://localhost:34891/__cypress/runner/cypress_runner.js:162140:16)\n    at Async../node_modules/bluebird/js/release/async.js.Async._drainQueues (http://localhost:34891/__cypress/runner/cypress_runner.js:162150:10)\n    at Async.drainQueues (http://localhost:34891/__cypress/runner/cypress_runner.js:162024:14)",
                "diff": null
              },
              "uuid": "43a6a366-b7a9-4b17-a7a1-edb9ec418e2a",
              "parentUUID": "3c8c6962-01f5-4aa7-841b-71857a4dea9f",
              "isHook": false,
              "skipped": false
            }
          ],
          "suites": [],
          "passes": [],
          "failures": [
            "ff235285-d9f2-4f01-ada2-6957484683e7",
            "43a6a366-b7a9-4b17-a7a1-edb9ec418e2a"
          ],
          "pending": [],
          "skipped": [],
          "duration": 8412,
          "root": false,
          "rootEmpty": false,
          "_timeout": 2000
        },
        {
          "uuid": "96a7193a-03c3-4e4c-b0af-6225c8ef420f",
          "title": "4 - Adicione à página um quadro de pixels, com 25 pixels.",
          "fullFile": "",
          "file": "",
          "beforeHooks": [],
          "afterHooks": [],
          "tests": [
            {
              "title": "Verifica se o quadro de pixels possui o `id` denominado `pixel-board`",
              "fullTitle": "4 - Adicione à página um quadro de pixels, com 25 pixels. Verifica se o quadro de pixels possui o `id` denominado `pixel-board`",
              "timedOut": null,
              "duration": 4225,
              "state": "failed",
              "speed": null,
              "pass": false,
              "fail": true,
              "pending": false,
              "context": null,
              "code": "cy.get('#pixel-board').should('be.visible');",
              "err": {
                "message": "CypressError: Timed out retrying: Expected to find element: '#pixel-board', but never found it.",
                "estack": "CypressError: Timed out retrying: Expected to find element: '#pixel-board', but never found it.\n    at cypressErr (http://localhost:34891/__cypress/runner/cypress_runner.js:149934:9)\n    at throwErr (http://localhost:34891/__cypress/runner/cypress_runner.js:149867:11)\n    at Object.throwErrByPath (http://localhost:34891/__cypress/runner/cypress_runner.js:149915:3)\n    at retry (http://localhost:34891/__cypress/runner/cypress_runner.js:144197:19)\n    at onFailFn (http://localhost:34891/__cypress/runner/cypress_runner.js:132448:16)\n    at tryCatcher (http://localhost:34891/__cypress/runner/cypress_runner.js:167415:23)\n    at Promise._settlePromiseFromHandler (http://localhost:34891/__cypress/runner/cypress_runner.js:165351:31)\n    at Promise._settlePromise (http://localhost:34891/__cypress/runner/cypress_runner.js:165408:18)\n    at Promise._settlePromise0 (http://localhost:34891/__cypress/runner/cypress_runner.js:165453:10)\n    at Promise._settlePromises (http://localhost:34891/__cypress/runner/cypress_runner.js:165528:18)\n    at Async../node_modules/bluebird/js/release/async.js.Async._drainQueue (http://localhost:34891/__cypress/runner/cypress_runner.js:162140:16)\n    at Async../node_modules/bluebird/js/release/async.js.Async._drainQueues (http://localhost:34891/__cypress/runner/cypress_runner.js:162150:10)\n    at Async.drainQueues (http://localhost:34891/__cypress/runner/cypress_runner.js:162024:14)",
                "diff": null
              },
              "uuid": "837975d5-013a-409c-a6e7-27b9d6060eca",
              "parentUUID": "96a7193a-03c3-4e4c-b0af-6225c8ef420f",
              "isHook": false,
              "skipped": false
            },
            {
              "title": "Verifica se cada pixel individual dentro do quadro possui a `classe` denominada `pixel`.",
              "fullTitle": "4 - Adicione à página um quadro de pixels, com 25 pixels. Verifica se cada pixel individual dentro do quadro possui a `classe` denominada `pixel`.",
              "timedOut": null,
              "duration": 4215,
              "state": "failed",
              "speed": null,
              "pass": false,
              "fail": true,
              "pending": false,
              "context": null,
              "code": "cy.get('.pixel').should('have.length', 25);",
              "err": {
                "message": "CypressError: Timed out retrying: Expected to find element: '.pixel', but never found it.",
                "estack": "CypressError: Timed out retrying: Expected to find element: '.pixel', but never found it.\n    at cypressErr (http://localhost:34891/__cypress/runner/cypress_runner.js:149934:9)\n    at throwErr (http://localhost:34891/__cypress/runner/cypress_runner.js:149867:11)\n    at Object.throwErrByPath (http://localhost:34891/__cypress/runner/cypress_runner.js:149915:3)\n    at retry (http://localhost:34891/__cypress/runner/cypress_runner.js:144197:19)\n    at onFailFn (http://localhost:34891/__cypress/runner/cypress_runner.js:132448:16)\n    at tryCatcher (http://localhost:34891/__cypress/runner/cypress_runner.js:167415:23)\n    at Promise._settlePromiseFromHandler (http://localhost:34891/__cypress/runner/cypress_runner.js:165351:31)\n    at Promise._settlePromise (http://localhost:34891/__cypress/runner/cypress_runner.js:165408:18)\n    at Promise._settlePromise0 (http://localhost:34891/__cypress/runner/cypress_runner.js:165453:10)\n    at Promise._settlePromises (http://localhost:34891/__cypress/runner/cypress_runner.js:165528:18)\n    at Async../node_modules/bluebird/js/release/async.js.Async._drainQueue (http://localhost:34891/__cypress/runner/cypress_runner.js:162140:16)\n    at Async../node_modules/bluebird/js/release/async.js.Async._drainQueues (http://localhost:34891/__cypress/runner/cypress_runner.js:162150:10)\n    at Async.drainQueues (http://localhost:34891/__cypress/runner/cypress_runner.js:162024:14)",
                "diff": null
              },
              "uuid": "0c91c24b-c5a5-408b-a286-d79663b10a82",
              "parentUUID": "96a7193a-03c3-4e4c-b0af-6225c8ef420f",
              "isHook": false,
              "skipped": false
            },
            {
              "title": "Verifica se a cor inicial dos pixels dentro do quadro, ao abrir a página, é branca.",
              "fullTitle": "4 - Adicione à página um quadro de pixels, com 25 pixels. Verifica se a cor inicial dos pixels dentro do quadro, ao abrir a página, é branca.",
              "timedOut": null,
              "duration": 4225,
              "state": "failed",
              "speed": null,
              "pass": false,
              "fail": true,
              "pending": false,
              "context": null,
              "code": "cy.get('.pixel').should('have.length', 25).each(function (pixel) {\n  expect(pixel).to.have.css('background-color', WHITE);\n});",
              "err": {
                "message": "CypressError: Timed out retrying: Expected to find element: '.pixel', but never found it.",
                "estack": "CypressError: Timed out retrying: Expected to find element: '.pixel', but never found it.\n    at cypressErr (http://localhost:34891/__cypress/runner/cypress_runner.js:149934:9)\n    at throwErr (http://localhost:34891/__cypress/runner/cypress_runner.js:149867:11)\n    at Object.throwErrByPath (http://localhost:34891/__cypress/runner/cypress_runner.js:149915:3)\n    at retry (http://localhost:34891/__cypress/runner/cypress_runner.js:144197:19)\n    at onFailFn (http://localhost:34891/__cypress/runner/cypress_runner.js:132448:16)\n    at tryCatcher (http://localhost:34891/__cypress/runner/cypress_runner.js:167415:23)\n    at Promise._settlePromiseFromHandler (http://localhost:34891/__cypress/runner/cypress_runner.js:165351:31)\n    at Promise._settlePromise (http://localhost:34891/__cypress/runner/cypress_runner.js:165408:18)\n    at Promise._settlePromise0 (http://localhost:34891/__cypress/runner/cypress_runner.js:165453:10)\n    at Promise._settlePromises (http://localhost:34891/__cypress/runner/cypress_runner.js:165528:18)\n    at Async../node_modules/bluebird/js/release/async.js.Async._drainQueue (http://localhost:34891/__cypress/runner/cypress_runner.js:162140:16)\n    at Async../node_modules/bluebird/js/release/async.js.Async._drainQueues (http://localhost:34891/__cypress/runner/cypress_runner.js:162150:10)\n    at Async.drainQueues (http://localhost:34891/__cypress/runner/cypress_runner.js:162024:14)",
                "diff": null
              },
              "uuid": "3fd00cf2-2d6e-4afc-821b-61d4b5fcd3fe",
              "parentUUID": "96a7193a-03c3-4e4c-b0af-6225c8ef420f",
              "isHook": false,
              "skipped": false
            },
            {
              "title": "Verifica se o quadro de pixels aparece abaixo da paleta de cores",
              "fullTitle": "4 - Adicione à página um quadro de pixels, com 25 pixels. Verifica se o quadro de pixels aparece abaixo da paleta de cores",
              "timedOut": null,
              "duration": 4223,
              "state": "failed",
              "speed": null,
              "pass": false,
              "fail": true,
              "pending": false,
              "context": null,
              "code": "cy.get('#color-palette').then(function (palette) {\n  cy.get('#pixel-board').should('be.belowOf', palette);\n});",
              "err": {
                "message": "CypressError: Timed out retrying: Expected to find element: '#pixel-board', but never found it.",
                "estack": "CypressError: Timed out retrying: Expected to find element: '#pixel-board', but never found it.\n    at cypressErr (http://localhost:34891/__cypress/runner/cypress_runner.js:149934:9)\n    at throwErr (http://localhost:34891/__cypress/runner/cypress_runner.js:149867:11)\n    at Object.throwErrByPath (http://localhost:34891/__cypress/runner/cypress_runner.js:149915:3)\n    at retry (http://localhost:34891/__cypress/runner/cypress_runner.js:144197:19)\n    at onFailFn (http://localhost:34891/__cypress/runner/cypress_runner.js:132448:16)\n    at tryCatcher (http://localhost:34891/__cypress/runner/cypress_runner.js:167415:23)\n    at Promise._settlePromiseFromHandler (http://localhost:34891/__cypress/runner/cypress_runner.js:165351:31)\n    at Promise._settlePromise (http://localhost:34891/__cypress/runner/cypress_runner.js:165408:18)\n    at Promise._settlePromise0 (http://localhost:34891/__cypress/runner/cypress_runner.js:165453:10)\n    at Promise._settlePromises (http://localhost:34891/__cypress/runner/cypress_runner.js:165528:18)\n    at Async../node_modules/bluebird/js/release/async.js.Async._drainQueue (http://localhost:34891/__cypress/runner/cypress_runner.js:162140:16)\n    at Async../node_modules/bluebird/js/release/async.js.Async._drainQueues (http://localhost:34891/__cypress/runner/cypress_runner.js:162150:10)\n    at Async.drainQueues (http://localhost:34891/__cypress/runner/cypress_runner.js:162024:14)",
                "diff": null
              },
              "uuid": "313ac285-0f79-4d3a-b4d6-dc15e3ec3813",
              "parentUUID": "96a7193a-03c3-4e4c-b0af-6225c8ef420f",
              "isHook": false,
              "skipped": false
            }
          ],
          "suites": [],
          "passes": [],
          "failures": [
            "837975d5-013a-409c-a6e7-27b9d6060eca",
            "0c91c24b-c5a5-408b-a286-d79663b10a82",
            "3fd00cf2-2d6e-4afc-821b-61d4b5fcd3fe",
            "313ac285-0f79-4d3a-b4d6-dc15e3ec3813"
          ],
          "pending": [],
          "skipped": [],
          "duration": 16888,
          "root": false,
          "rootEmpty": false,
          "_timeout": 2000
        },
        {
          "uuid": "241f735f-447e-44ae-bdd7-0dca041342d2",
          "title": "5 - Faça com que cada elemento do quadro de pixels possua 40 pixels de largura, 40 pixels de altura e seja delimitado por uma borda preta de 1 pixel.",
          "fullFile": "",
          "file": "",
          "beforeHooks": [],
          "afterHooks": [],
          "tests": [
            {
              "title": "Verifica se o quadro de pixels tem altura e comprimento de 5 elementos",
              "fullTitle": "5 - Faça com que cada elemento do quadro de pixels possua 40 pixels de largura, 40 pixels de altura e seja delimitado por uma borda preta de 1 pixel. Verifica se o quadro de pixels tem altura e comprimento de 5 elementos",
              "timedOut": null,
              "duration": 4192,
              "state": "failed",
              "speed": null,
              "pass": false,
              "fail": true,
              "pending": false,
              "context": null,
              "code": "cy.get('.pixel').should('have.length', 25).each(function (pixel) {\n  expect(pixel).to.have.css('background-color', WHITE);\n}).and(function (pixels) {\n  var rows = chunk(pixels, 5);\n  rows.forEach(function (row) {\n    for (var index = 1; index < row.length; index += 1) {\n      var current = pixels[index];\n      var previous = pixels[index - 1];\n      cy.wrap(current).should('be.onTheRightOf', previous).and('be.horizontallyAlignedWith', previous);\n    }\n  });\n  for (var index = 1; index < 5; index += 1) {\n    expect(pixels[index * 5]).to.be.belowOf(pixels[(index - 1) * 5]);\n  }\n});",
              "err": {
                "message": "CypressError: Timed out retrying: Expected to find element: '.pixel', but never found it.",
                "estack": "CypressError: Timed out retrying: Expected to find element: '.pixel', but never found it.\n    at cypressErr (http://localhost:34891/__cypress/runner/cypress_runner.js:149934:9)\n    at throwErr (http://localhost:34891/__cypress/runner/cypress_runner.js:149867:11)\n    at Object.throwErrByPath (http://localhost:34891/__cypress/runner/cypress_runner.js:149915:3)\n    at retry (http://localhost:34891/__cypress/runner/cypress_runner.js:144197:19)\n    at onFailFn (http://localhost:34891/__cypress/runner/cypress_runner.js:132448:16)\n    at tryCatcher (http://localhost:34891/__cypress/runner/cypress_runner.js:167415:23)\n    at Promise._settlePromiseFromHandler (http://localhost:34891/__cypress/runner/cypress_runner.js:165351:31)\n    at Promise._settlePromise (http://localhost:34891/__cypress/runner/cypress_runner.js:165408:18)\n    at Promise._settlePromise0 (http://localhost:34891/__cypress/runner/cypress_runner.js:165453:10)\n    at Promise._settlePromises (http://localhost:34891/__cypress/runner/cypress_runner.js:165528:18)\n    at Async../node_modules/bluebird/js/release/async.js.Async._drainQueue (http://localhost:34891/__cypress/runner/cypress_runner.js:162140:16)\n    at Async../node_modules/bluebird/js/release/async.js.Async._drainQueues (http://localhost:34891/__cypress/runner/cypress_runner.js:162150:10)\n    at Async.drainQueues (http://localhost:34891/__cypress/runner/cypress_runner.js:162024:14)",
                "diff": null
              },
              "uuid": "0dfe6022-8a6a-4e18-8fa3-f7195ab17e21",
              "parentUUID": "241f735f-447e-44ae-bdd7-0dca041342d2",
              "isHook": false,
              "skipped": false
            },
            {
              "title": "Verifica se 40 pixels é o tamanho total do elemento, incluindo seu conteúdo e excluindo a borda preta, que deve ser criada à parte.",
              "fullTitle": "5 - Faça com que cada elemento do quadro de pixels possua 40 pixels de largura, 40 pixels de altura e seja delimitado por uma borda preta de 1 pixel. Verifica se 40 pixels é o tamanho total do elemento, incluindo seu conteúdo e excluindo a borda preta, que deve ser criada à parte.",
              "timedOut": null,
              "duration": 4214,
              "state": "failed",
              "speed": null,
              "pass": false,
              "fail": true,
              "pending": false,
              "context": null,
              "code": "cy.get('.pixel').each(function (pixel) {\n  cy.wrap(pixel).should('have.css', 'height', '40px').and('have.css', 'width', '40px').and('have.css', 'border', \"1px solid \".concat(BLACK));\n});",
              "err": {
                "message": "CypressError: Timed out retrying: Expected to find element: '.pixel', but never found it.",
                "estack": "CypressError: Timed out retrying: Expected to find element: '.pixel', but never found it.\n    at cypressErr (http://localhost:34891/__cypress/runner/cypress_runner.js:149934:9)\n    at throwErr (http://localhost:34891/__cypress/runner/cypress_runner.js:149867:11)\n    at Object.throwErrByPath (http://localhost:34891/__cypress/runner/cypress_runner.js:149915:3)\n    at retry (http://localhost:34891/__cypress/runner/cypress_runner.js:144197:19)\n    at onFailFn (http://localhost:34891/__cypress/runner/cypress_runner.js:132448:16)\n    at tryCatcher (http://localhost:34891/__cypress/runner/cypress_runner.js:167415:23)\n    at Promise._settlePromiseFromHandler (http://localhost:34891/__cypress/runner/cypress_runner.js:165351:31)\n    at Promise._settlePromise (http://localhost:34891/__cypress/runner/cypress_runner.js:165408:18)\n    at Promise._settlePromise0 (http://localhost:34891/__cypress/runner/cypress_runner.js:165453:10)\n    at Promise._settlePromises (http://localhost:34891/__cypress/runner/cypress_runner.js:165528:18)\n    at Async../node_modules/bluebird/js/release/async.js.Async._drainQueue (http://localhost:34891/__cypress/runner/cypress_runner.js:162140:16)\n    at Async../node_modules/bluebird/js/release/async.js.Async._drainQueues (http://localhost:34891/__cypress/runner/cypress_runner.js:162150:10)\n    at Async.drainQueues (http://localhost:34891/__cypress/runner/cypress_runner.js:162024:14)",
                "diff": null
              },
              "uuid": "aaef8f05-be23-4dbe-823a-ade655889b15",
              "parentUUID": "241f735f-447e-44ae-bdd7-0dca041342d2",
              "isHook": false,
              "skipped": false
            }
          ],
          "suites": [],
          "passes": [],
          "failures": [
            "0dfe6022-8a6a-4e18-8fa3-f7195ab17e21",
            "aaef8f05-be23-4dbe-823a-ade655889b15"
          ],
          "pending": [],
          "skipped": [],
          "duration": 8406,
          "root": false,
          "rootEmpty": false,
          "_timeout": 2000
        },
        {
          "uuid": "2a60dd96-0e74-4cdb-9af4-637fe0c510be",
          "title": "6 - Defina a cor preta como cor inicial. Ao carregar a página a cor preta já deve estar selecionada para pintar os pixels",
          "fullFile": "",
          "file": "",
          "beforeHooks": [],
          "afterHooks": [],
          "tests": [
            {
              "title": "Verifica se o elemento da cor preta possui, inicialmente, a `classe` `selected`",
              "fullTitle": "6 - Defina a cor preta como cor inicial. Ao carregar a página a cor preta já deve estar selecionada para pintar os pixels Verifica se o elemento da cor preta possui, inicialmente, a `classe` `selected`",
              "timedOut": null,
              "duration": 4253,
              "state": "failed",
              "speed": null,
              "pass": false,
              "fail": true,
              "pending": false,
              "context": null,
              "code": "cy.get('.selected').first().should('have.css', 'background-color', BLACK);",
              "err": {
                "message": "CypressError: Timed out retrying: Expected to find element: '.selected', but never found it.",
                "estack": "CypressError: Timed out retrying: Expected to find element: '.selected', but never found it.\n    at cypressErr (http://localhost:34891/__cypress/runner/cypress_runner.js:149934:9)\n    at throwErr (http://localhost:34891/__cypress/runner/cypress_runner.js:149867:11)\n    at Object.throwErrByPath (http://localhost:34891/__cypress/runner/cypress_runner.js:149915:3)\n    at retry (http://localhost:34891/__cypress/runner/cypress_runner.js:144197:19)\n    at onFailFn (http://localhost:34891/__cypress/runner/cypress_runner.js:132448:16)\n    at tryCatcher (http://localhost:34891/__cypress/runner/cypress_runner.js:167415:23)\n    at Promise._settlePromiseFromHandler (http://localhost:34891/__cypress/runner/cypress_runner.js:165351:31)\n    at Promise._settlePromise (http://localhost:34891/__cypress/runner/cypress_runner.js:165408:18)\n    at Promise._settlePromise0 (http://localhost:34891/__cypress/runner/cypress_runner.js:165453:10)\n    at Promise._settlePromises (http://localhost:34891/__cypress/runner/cypress_runner.js:165528:18)\n    at Async../node_modules/bluebird/js/release/async.js.Async._drainQueue (http://localhost:34891/__cypress/runner/cypress_runner.js:162140:16)\n    at Async../node_modules/bluebird/js/release/async.js.Async._drainQueues (http://localhost:34891/__cypress/runner/cypress_runner.js:162150:10)\n    at Async.drainQueues (http://localhost:34891/__cypress/runner/cypress_runner.js:162024:14)",
                "diff": null
              },
              "uuid": "7e001dfc-ae57-4482-993a-54243b6178b8",
              "parentUUID": "2a60dd96-0e74-4cdb-9af4-637fe0c510be",
              "isHook": false,
              "skipped": false
            },
            {
              "title": "Verifica se nenhuma outra cor da paleta tem a `classe` `selected`",
              "fullTitle": "6 - Defina a cor preta como cor inicial. Ao carregar a página a cor preta já deve estar selecionada para pintar os pixels Verifica se nenhuma outra cor da paleta tem a `classe` `selected`",
              "timedOut": null,
              "duration": 101,
              "state": "passed",
              "speed": "slow",
              "pass": true,
              "fail": false,
              "pending": false,
              "context": null,
              "code": "cy.get('.color:not(:first-child)').each(function (color) {\n  cy.wrap(color).should('not.have.class', 'selected');\n});",
              "err": {},
              "uuid": "4c54e028-a2dd-4f38-8e76-445f623140dd",
              "parentUUID": "2a60dd96-0e74-4cdb-9af4-637fe0c510be",
              "isHook": false,
              "skipped": false
            }
          ],
          "suites": [],
          "passes": [
            "4c54e028-a2dd-4f38-8e76-445f623140dd"
          ],
          "failures": [
            "7e001dfc-ae57-4482-993a-54243b6178b8"
          ],
          "pending": [],
          "skipped": [],
          "duration": 4354,
          "root": false,
          "rootEmpty": false,
          "_timeout": 2000
        },
        {
          "uuid": "6a540831-9df3-4d99-a452-8f6d985d2e25",
          "title": "7 - Clicar em uma das cores da paleta, faz com que ela seja selecionada e utilizada para preencher os pixels no quadro.",
          "fullFile": "",
          "file": "",
          "beforeHooks": [],
          "afterHooks": [],
          "tests": [
            {
              "title": "Verifica se somente uma cor da paleta de cores tem a classe `selected` de cada vez",
              "fullTitle": "7 - Clicar em uma das cores da paleta, faz com que ela seja selecionada e utilizada para preencher os pixels no quadro. Verifica se somente uma cor da paleta de cores tem a classe `selected` de cada vez",
              "timedOut": null,
              "duration": 300,
              "state": "failed",
              "speed": null,
              "pass": false,
              "fail": true,
              "pending": false,
              "context": null,
              "code": "cy.get('.color').each(function (selectedColor, selectedColorIndex) {\n  cy.wrap(selectedColor).click();\n  cy.get('.color').each(function (color, colorIndex) {\n    if (colorIndex === selectedColorIndex) {\n      expect(color).to.have[\"class\"]('selected');\n    } else {\n      expect(color).not.to.have[\"class\"]('selected');\n    }\n  });\n});",
              "err": {
                "message": "AssertionError: expected '<div#color01.color>' to have class 'selected'",
                "estack": "AssertionError: expected '<div#color01.color>' to have class 'selected'\n    at callback (http://localhost:34891/__cypress/runner/cypress_runner.js:136947:20)\n    at getRet (http://localhost:34891/__cypress/runner/cypress_runner.js:136585:16)\n    at tryCatcher (http://localhost:34891/__cypress/runner/cypress_runner.js:167415:23)\n    at Function.Promise.attempt.Promise.try (http://localhost:34891/__cypress/runner/cypress_runner.js:164690:29)\n    at thenFn (http://localhost:34891/__cypress/runner/cypress_runner.js:136599:23)\n    at yieldItem (http://localhost:34891/__cypress/runner/cypress_runner.js:136954:16)\n    at tryCatcher (http://localhost:34891/__cypress/runner/cypress_runner.js:167415:23)\n    at Object.gotValue (http://localhost:34891/__cypress/runner/cypress_runner.js:166557:18)\n    at Object.gotAccum (http://localhost:34891/__cypress/runner/cypress_runner.js:166546:25)\n    at Object.tryCatcher (http://localhost:34891/__cypress/runner/cypress_runner.js:167415:23)\n    at Promise._settlePromiseFromHandler (http://localhost:34891/__cypress/runner/cypress_runner.js:165351:31)\n    at Promise._settlePromise (http://localhost:34891/__cypress/runner/cypress_runner.js:165408:18)\n    at Promise._settlePromiseCtx (http://localhost:34891/__cypress/runner/cypress_runner.js:165445:10)\n    at Async../node_modules/bluebird/js/release/async.js.Async._drainQueue (http://localhost:34891/__cypress/runner/cypress_runner.js:162145:12)\n    at Async../node_modules/bluebird/js/release/async.js.Async._drainQueues (http://localhost:34891/__cypress/runner/cypress_runner.js:162150:10)\n    at Async.drainQueues (http://localhost:34891/__cypress/runner/cypress_runner.js:162024:14)",
                "diff": "- { '0': <div class=\"color\" id=\"color01\"></div>,\n-   length: 1,\n-   jquery: '3.1.1',\n-   constructor: \n-    { [Function: jQuery]\n-      fn: \n-       { jquery: '3.1.1',\n-         constructor: [Circular],\n-         length: 0,\n-         toArray: [Function: toArray],\n-         get: [Function: get],\n-         pushStack: [Function: pushStack],\n-         each: [Function: each],\n-         map: [Function: map],\n-         slice: [Function: slice],\n-         first: [Function: first],\n-         last: [Function: last],\n-         eq: [Function: eq],\n-         end: [Function: end],\n-         push: [Function: push],\n-         sort: [Function: sort],\n-         splice: [Function: splice],\n-         extend: [Function],\n-         find: [Function: find],\n-         filter: [Function: filter],\n-         not: [Function: not],\n-         is: [Function: is],\n-         init: [Function],\n-         has: [Function: has],\n-         closest: [Function: closest],\n-         index: [Function: index],\n-         add: [Function: add],\n-         addBack: [Function: addBack],\n-         parent: [Function],\n-         parents: [Function],\n-         parentsUntil: [Function],\n-         next: [Function],\n-         prev: [Function],\n-         nextAll: [Function],\n-         prevAll: [Function],\n-         nextUntil: [Function],\n-         prevUntil: [Function],\n-         siblings: [Function],\n-         children: [Function],\n-         contents: [Function],\n-         ready: [Function],\n-         data: [Function: data],\n-         removeData: [Function: removeData],\n-         queue: [Function: queue],\n-         dequeue: [Function: dequeue],\n-         clearQueue: [Function: clearQueue],\n-         promise: [Function: promise],\n-         show: [Function],\n-         hide: [Function],\n-         toggle: [Function],\n-         on: [Function: on],\n-         one: [Function: one],\n-         off: [Function: off],\n-         detach: [Function: detach],\n-         remove: [Function: remove],\n-         text: [Function: text],\n-         append: [Function: append],\n-         prepend: [Function: prepend],\n-         before: [Function: before],\n-         after: [Function: after],\n-         empty: [Function: empty],\n-         clone: [Function: clone],\n-         html: [Function: html],\n-         replaceWith: [Function: replaceWith],\n-         appendTo: [Function],\n-         prependTo: [Function],\n-         insertBefore: [Function],\n-         insertAfter: [Function],\n-         replaceAll: [Function],\n-         css: [Function: css],\n-         fadeTo: [Function: fadeTo],\n-         animate: [Function: animate],\n-         stop: [Function: stop],\n-         finish: [Function: finish],\n-         slideDown: [Function],\n-         slideUp: [Function],\n-         slideToggle: [Function],\n-         fadeIn: [Function],\n-         fadeOut: [Function],\n-         fadeToggle: [Function],\n-         delay: [Function],\n-         attr: [Function: attr],\n-         removeAttr: [Function: removeAttr],\n-         prop: [Function: prop],\n-         removeProp: [Function: removeProp],\n-         addClass: [Function: addClass],\n-         removeClass: [Function: removeClass],\n-         toggleClass: [Function: toggleClass],\n-         hasClass: [Function: hasClass],\n-         val: [Function: val],\n-         trigger: [Function: trigger],\n-         triggerHandler: [Function: triggerHandler],\n-         blur: [Function],\n-         focus: [Function],\n-         focusin: [Function],\n-         focusout: [Function],\n-         resize: [Function],\n-         scroll: [Function],\n-         click: [Function],\n-         dblclick: [Function],\n-         mousedown: [Function],\n-         mouseup: [Function],\n-         mousemove: [Function],\n-         mouseover: [Function],\n-         mouseout: [Function],\n-         mouseenter: [Function],\n-         mouseleave: [Function],\n-         change: [Function],\n-         select: [Function],\n-         submit: [Function],\n-         keydown: [Function],\n-         keypress: [Function],\n-         keyup: [Function],\n-         contextmenu: [Function],\n-         hover: [Function: hover],\n-         serialize: [Function: serialize],\n-         serializeArray: [Function: serializeArray],\n-         wrapAll: [Function: wrapAll],\n-         wrapInner: [Function: wrapInner],\n-         wrap: [Function: wrap],\n-         unwrap: [Function: unwrap],\n-         load: [Function],\n-         ajaxStart: [Function],\n-         ajaxStop: [Function],\n-         ajaxComplete: [Function],\n-         ajaxError: [Function],\n-         ajaxSuccess: [Function],\n-         ajaxSend: [Function],\n-         offset: [Function: offset],\n-         position: [Function: position],\n-         offsetParent: [Function: offsetParent],\n-         scrollLeft: [Function],\n-         scrollTop: [Function],\n-         innerHeight: [Function],\n-         height: [Function],\n-         outerHeight: [Function],\n-         innerWidth: [Function],\n-         width: [Function],\n-         outerWidth: [Function],\n-         bind: [Function: bind],\n-         unbind: [Function: unbind],\n-         delegate: [Function: delegate],\n-         undelegate: [Function: undelegate],\n-         scrollTo: [Function] },\n-      extend: [Function],\n-      expando: 'jQuery31108243836597066463',\n-      isReady: true,\n-      error: [Function: error],\n-      noop: [Function: noop],\n-      isFunction: [Function: isFunction],\n-      isArray: [Function: isArray],\n-      isWindow: [Function: isWindow],\n-      isNumeric: [Function: isNumeric],\n-      isPlainObject: [Function: isPlainObject],\n-      isEmptyObject: [Function: isEmptyObject],\n-      type: [Function: type],\n-      globalEval: [Function: globalEval],\n-      camelCase: [Function: camelCase],\n-      nodeName: [Function: nodeName],\n-      each: [Function: each],\n-      trim: [Function: trim],\n-      makeArray: [Function: makeArray],\n-      inArray: [Function: inArray],\n-      merge: [Function: merge],\n-      grep: [Function: grep],\n-      map: [Function: map],\n-      guid: 7,\n-      proxy: [Function: proxy],\n-      now: [Function: now],\n-      support: \n-       { checkClone: true,\n-         noCloneChecked: true,\n-         clearCloneStyle: true,\n-         pixelPosition: [Function: pixelPosition],\n-         boxSizingReliable: [Function: boxSizingReliable],\n-         pixelMarginRight: [Function: pixelMarginRight],\n-         reliableMarginLeft: [Function: reliableMarginLeft],\n-         checkOn: true,\n-         optSelected: true,\n-         radioValue: true,\n-         focusin: false,\n-         cors: true,\n-         ajax: true,\n-         createHTMLDocument: true },\n-      find: \n-       { [Function: Sizzle]\n-         support: [Object],\n-         isXML: [Function],\n-         setDocument: [Function],\n-         matches: [Function],\n-         matchesSelector: [Function],\n-         contains: [Function],\n-         attr: [Function],\n-         escape: [Function],\n-         error: [Function],\n-         uniqueSort: [Function],\n-         getText: [Function],\n-         selectors: [Object],\n-         tokenize: [Function],\n-         compile: [Function],\n-         select: [Function] },\n-      expr: \n-       { cacheLength: 1,\n-         createPseudo: [Function: markFunction],\n-         match: [Object],\n-         attrHandle: [Object],\n-         find: [Object],\n-         relative: [Object],\n-         preFilter: [Object],\n-         filter: [Object],\n-         pseudos: [Object],\n-         filters: [Object],\n-         setFilters: [Object],\n-         ':': [Object] },\n-      unique: [Function],\n-      uniqueSort: [Function],\n-      text: [Function],\n-      isXMLDoc: [Function],\n-      contains: [Function],\n-      escapeSelector: [Function],\n-      filter: [Function],\n-      Callbacks: [Function],\n-      Deferred: { [Function: Deferred] exceptionHook: [Function] },\n-      when: [Function: when],\n-      readyException: [Function],\n-      readyWait: 0,\n-      holdReady: [Function: holdReady],\n-      ready: { [Function: ready] then: [Function: then] },\n-      hasData: [Function: hasData],\n-      data: [Function: data],\n-      removeData: [Function: removeData],\n-      _data: [Function: _data],\n-      _removeData: [Function: _removeData],\n-      queue: [Function: queue],\n-      dequeue: [Function: dequeue],\n-      _queueHooks: [Function: _queueHooks],\n-      event: \n-       { global: [Object],\n-         add: [Function: add],\n-         remove: [Function: remove],\n-         dispatch: [Function: dispatch],\n-         handlers: [Function: handlers],\n-         addProp: [Function: addProp],\n-         fix: [Function: fix],\n-         special: [Object],\n-         trigger: [Function: trigger],\n-         simulate: [Function: simulate] },\n-      removeEvent: [Function],\n-      Event: [Function],\n-      htmlPrefilter: [Function: htmlPrefilter],\n-      clone: [Function: clone],\n-      cleanData: [Function: cleanData],\n-      cssHooks: \n-       { opacity: [Object],\n-         height: [Object],\n-         width: [Object],\n-         marginLeft: [Object],\n-         margin: [Object],\n-         padding: [Object],\n-         borderWidth: [Object],\n-         top: [Object],\n-         left: [Object] },\n-      cssNumber: \n-       { animationIterationCount: true,\n-         columnCount: true,\n-         fillOpacity: true,\n-         flexGrow: true,\n-         flexShrink: true,\n-         fontWeight: true,\n-         lineHeight: true,\n-         opacity: true,\n-         order: true,\n-         orphans: true,\n-         widows: true,\n-         zIndex: true,\n-         zoom: true },\n-      cssProps: \n-       { float: 'cssFloat',\n-         width: 'width',\n-         display: 'display',\n-         boxSizing: 'boxSizing',\n-         height: 'height',\n-         overflow: 'overflow',\n-         overflowY: 'overflowY',\n-         overflowX: 'overflowX',\n-         visibility: 'visibility',\n-         position: 'position',\n-         backgroundColor: 'backgroundColor',\n-         border: 'border',\n-         paddingRight: 'paddingRight',\n-         borderRightWidth: 'borderRightWidth',\n-         paddingLeft: 'paddingLeft',\n-         borderLeftWidth: 'borderLeftWidth',\n-         paddingTop: 'paddingTop',\n-         borderTopWidth: 'borderTopWidth',\n-         paddingBottom: 'paddingBottom',\n-         borderBottomWidth: 'borderBottomWidth' },\n-      style: [Function: style],\n-      css: [Function: css],\n-      Tween: { [Function: Tween] propHooks: [Object] },\n-      easing: \n-       { linear: [Function: linear],\n-         swing: [Function: swing],\n-         _default: 'swing' },\n-      fx: \n-       { [Function: init]\n-         step: {},\n-         tick: [Function],\n-         timer: [Function],\n-         interval: 13,\n-         start: [Function],\n-         stop: [Function],\n-         speeds: [Object] },\n-      Animation: \n-       { [Function: Animation]\n-         tweeners: [Object],\n-         tweener: [Function: tweener],\n-         prefilters: [Object],\n-         prefilter: [Function: prefilter] },\n-      speed: [Function],\n-      timers: [],\n-      attr: [Function: attr],\n-      attrHooks: { type: [Object] },\n-      removeAttr: [Function: removeAttr],\n-      prop: [Function: prop],\n-      propHooks: { tabIndex: [Object] },\n-      propFix: \n-       { for: 'htmlFor',\n-         class: 'className',\n-         tabindex: 'tabIndex',\n-         readonly: 'readOnly',\n-         maxlength: 'maxLength',\n-         cellspacing: 'cellSpacing',\n-         cellpadding: 'cellPadding',\n-         rowspan: 'rowSpan',\n-         colspan: 'colSpan',\n-         usemap: 'useMap',\n-         frameborder: 'frameBorder',\n-         contenteditable: 'contentEditable' },\n-      valHooks: \n-       { option: [Object],\n-         select: [Object],\n-         radio: [Object],\n-         checkbox: [Object] },\n-      parseXML: [Function],\n-      param: [Function],\n-      active: 0,\n-      lastModified: {},\n-      etag: {},\n-      ajaxSettings: \n-       { url: 'http://localhost:34891/__/#/tests/integration/project.spec.js',\n-         type: 'GET',\n-         isLocal: false,\n-         global: true,\n-         processData: true,\n-         async: true,\n-         contentType: 'application/x-www-form-urlencoded; charset=UTF-8',\n-         accepts: [Object],\n-         contents: [Object],\n-         responseFields: [Object],\n-         converters: [Object],\n-         flatOptions: [Object],\n-         xhr: [Function],\n-         jsonp: 'callback',\n-         jsonpCallback: [Function: jsonpCallback],\n-         cache: false },\n-      ajaxSetup: [Function: ajaxSetup],\n-      ajaxPrefilter: [Function],\n-      ajaxTransport: [Function],\n-      ajax: [Function: ajax],\n-      getJSON: [Function: getJSON],\n-      getScript: [Function: getScript],\n-      get: [Function],\n-      post: [Function],\n-      _evalUrl: [Function],\n-      parseHTML: [Function],\n-      offset: { setOffset: [Function: setOffset] },\n-      parseJSON: [Function: parse],\n-      noConflict: [Function],\n-      scrollTo: { [Function] defaults: [Object], max: [Function] } },\n-   toArray: [Function: toArray],\n-   get: [Function: get],\n-   pushStack: [Function: pushStack],\n-   each: [Function: each],\n-   map: [Function: map],\n-   slice: [Function: slice],\n-   first: [Function: first],\n-   last: [Function: last],\n-   eq: [Function: eq],\n-   end: [Function: end],\n-   push: [Function: push],\n-   sort: [Function: sort],\n-   splice: [Function: splice],\n-   extend: [Function],\n-   find: [Function: find],\n-   filter: [Function: filter],\n-   not: [Function: not],\n-   is: [Function: is],\n-   init: [Function],\n-   has: [Function: has],\n-   closest: [Function: closest],\n-   index: [Function: index],\n-   add: [Function: add],\n-   addBack: [Function: addBack],\n-   parent: [Function],\n-   parents: [Function],\n-   parentsUntil: [Function],\n-   next: [Function],\n-   prev: [Function],\n-   nextAll: [Function],\n-   prevAll: [Function],\n-   nextUntil: [Function],\n-   prevUntil: [Function],\n-   siblings: [Function],\n-   children: [Function],\n-   contents: [Function],\n-   ready: [Function],\n-   data: [Function: data],\n-   removeData: [Function: removeData],\n-   queue: [Function: queue],\n-   dequeue: [Function: dequeue],\n-   clearQueue: [Function: clearQueue],\n-   promise: [Function: promise],\n-   show: [Function],\n-   hide: [Function],\n-   toggle: [Function],\n-   on: [Function: on],\n-   one: [Function: one],\n-   off: [Function: off],\n-   detach: [Function: detach],\n-   remove: [Function: remove],\n-   text: [Function: text],\n-   append: [Function: append],\n-   prepend: [Function: prepend],\n-   before: [Function: before],\n-   after: [Function: after],\n-   empty: [Function: empty],\n-   clone: [Function: clone],\n-   html: [Function: html],\n-   replaceWith: [Function: replaceWith],\n-   appendTo: [Function],\n-   prependTo: [Function],\n-   insertBefore: [Function],\n-   insertAfter: [Function],\n-   replaceAll: [Function],\n-   css: [Function: css],\n-   fadeTo: [Function: fadeTo],\n-   animate: [Function: animate],\n-   stop: [Function: stop],\n-   finish: [Function: finish],\n-   slideDown: [Function],\n-   slideUp: [Function],\n-   slideToggle: [Function],\n-   fadeIn: [Function],\n-   fadeOut: [Function],\n-   fadeToggle: [Function],\n-   delay: [Function],\n-   attr: [Function: attr],\n-   removeAttr: [Function: removeAttr],\n-   prop: [Function: prop],\n-   removeProp: [Function: removeProp],\n-   addClass: [Function: addClass],\n-   removeClass: [Function: removeClass],\n-   toggleClass: [Function: toggleClass],\n-   hasClass: [Function: hasClass],\n-   val: [Function: val],\n-   trigger: [Function: trigger],\n-   triggerHandler: [Function: triggerHandler],\n-   blur: [Function],\n-   focus: [Function],\n-   focusin: [Function],\n-   focusout: [Function],\n-   resize: [Function],\n-   scroll: [Function],\n-   click: [Function],\n-   dblclick: [Function],\n-   mousedown: [Function],\n-   mouseup: [Function],\n-   mousemove: [Function],\n-   mouseover: [Function],\n-   mouseout: [Function],\n-   mouseenter: [Function],\n-   mouseleave: [Function],\n-   change: [Function],\n-   select: [Function],\n-   submit: [Function],\n-   keydown: [Function],\n-   keypress: [Function],\n-   keyup: [Function],\n-   contextmenu: [Function],\n-   hover: [Function: hover],\n-   serialize: [Function: serialize],\n-   serializeArray: [Function: serializeArray],\n-   wrapAll: [Function: wrapAll],\n-   wrapInner: [Function: wrapInner],\n-   wrap: [Function: wrap],\n-   unwrap: [Function: unwrap],\n-   load: [Function],\n-   ajaxStart: [Function],\n-   ajaxStop: [Function],\n-   ajaxComplete: [Function],\n-   ajaxError: [Function],\n-   ajaxSuccess: [Function],\n-   ajaxSend: [Function],\n-   offset: [Function: offset],\n-   position: [Function: position],\n-   offsetParent: [Function: offsetParent],\n-   scrollLeft: [Function],\n-   scrollTop: [Function],\n-   innerHeight: [Function],\n-   height: [Function],\n-   outerHeight: [Function],\n-   innerWidth: [Function],\n-   width: [Function],\n-   outerWidth: [Function],\n-   bind: [Function: bind],\n-   unbind: [Function: unbind],\n-   delegate: [Function: delegate],\n-   undelegate: [Function: undelegate],\n-   scrollTo: [Function] }\n+ 'selected'\n"
              },
              "uuid": "9a29958d-b745-41ea-9f50-d28013004bf7",
              "parentUUID": "6a540831-9df3-4d99-a452-8f6d985d2e25",
              "isHook": false,
              "skipped": false
            },
            {
              "title": "Verifica se os pixels dentro do quadro não têm a classe `selected` quando são clicados",
              "fullTitle": "7 - Clicar em uma das cores da paleta, faz com que ela seja selecionada e utilizada para preencher os pixels no quadro. Verifica se os pixels dentro do quadro não têm a classe `selected` quando são clicados",
              "timedOut": null,
              "duration": 4292,
              "state": "failed",
              "speed": null,
              "pass": false,
              "fail": true,
              "pending": false,
              "context": null,
              "code": "cy.get('.color').each(function (color) {\n  var backgroundColor = color.css('background-color');\n  cy.wrap(color).click();\n  cy.get('.pixel').each(function (pixel) {\n    cy.wrap(pixel).click().should('not.have.class', 'selected');\n  });\n});",
              "err": {
                "message": "CypressError: Timed out retrying: Expected to find element: '.pixel', but never found it.",
                "estack": "CypressError: Timed out retrying: Expected to find element: '.pixel', but never found it.\n    at cypressErr (http://localhost:34891/__cypress/runner/cypress_runner.js:149934:9)\n    at throwErr (http://localhost:34891/__cypress/runner/cypress_runner.js:149867:11)\n    at Object.throwErrByPath (http://localhost:34891/__cypress/runner/cypress_runner.js:149915:3)\n    at retry (http://localhost:34891/__cypress/runner/cypress_runner.js:144197:19)\n    at onFailFn (http://localhost:34891/__cypress/runner/cypress_runner.js:132448:16)\n    at tryCatcher (http://localhost:34891/__cypress/runner/cypress_runner.js:167415:23)\n    at Promise._settlePromiseFromHandler (http://localhost:34891/__cypress/runner/cypress_runner.js:165351:31)\n    at Promise._settlePromise (http://localhost:34891/__cypress/runner/cypress_runner.js:165408:18)\n    at Promise._settlePromise0 (http://localhost:34891/__cypress/runner/cypress_runner.js:165453:10)\n    at Promise._settlePromises (http://localhost:34891/__cypress/runner/cypress_runner.js:165528:18)\n    at Async../node_modules/bluebird/js/release/async.js.Async._drainQueue (http://localhost:34891/__cypress/runner/cypress_runner.js:162140:16)\n    at Async../node_modules/bluebird/js/release/async.js.Async._drainQueues (http://localhost:34891/__cypress/runner/cypress_runner.js:162150:10)\n    at Async.drainQueues (http://localhost:34891/__cypress/runner/cypress_runner.js:162024:14)",
                "diff": null
              },
              "uuid": "820de34e-5cf2-441c-aae4-27f875919246",
              "parentUUID": "6a540831-9df3-4d99-a452-8f6d985d2e25",
              "isHook": false,
              "skipped": false
            }
          ],
          "suites": [],
          "passes": [],
          "failures": [
            "9a29958d-b745-41ea-9f50-d28013004bf7",
            "820de34e-5cf2-441c-aae4-27f875919246"
          ],
          "pending": [],
          "skipped": [],
          "duration": 4592,
          "root": false,
          "rootEmpty": false,
          "_timeout": 2000
        },
        {
          "uuid": "32a94294-9cf6-4557-9d35-1101060bd292",
          "title": "8 - Clicar em um pixel dentro do quadro após selecionar uma cor na paleta, faz com que o pixel seja preenchido com a cor selecionada.",
          "fullFile": "",
          "file": "",
          "beforeHooks": [],
          "afterHooks": [],
          "tests": [
            {
              "title": "Verifica se ao carregar a página deve ser possível pintar os pixels de preto",
              "fullTitle": "8 - Clicar em um pixel dentro do quadro após selecionar uma cor na paleta, faz com que o pixel seja preenchido com a cor selecionada. Verifica se ao carregar a página deve ser possível pintar os pixels de preto",
              "timedOut": null,
              "duration": 4199,
              "state": "failed",
              "speed": null,
              "pass": false,
              "fail": true,
              "pending": false,
              "context": null,
              "code": "cy.get('.pixel').each(function (pixel) {\n  cy.wrap(pixel).click().should('have.css', 'background-color', BLACK);\n});",
              "err": {
                "message": "CypressError: Timed out retrying: Expected to find element: '.pixel', but never found it.",
                "estack": "CypressError: Timed out retrying: Expected to find element: '.pixel', but never found it.\n    at cypressErr (http://localhost:34891/__cypress/runner/cypress_runner.js:149934:9)\n    at throwErr (http://localhost:34891/__cypress/runner/cypress_runner.js:149867:11)\n    at Object.throwErrByPath (http://localhost:34891/__cypress/runner/cypress_runner.js:149915:3)\n    at retry (http://localhost:34891/__cypress/runner/cypress_runner.js:144197:19)\n    at onFailFn (http://localhost:34891/__cypress/runner/cypress_runner.js:132448:16)\n    at tryCatcher (http://localhost:34891/__cypress/runner/cypress_runner.js:167415:23)\n    at Promise._settlePromiseFromHandler (http://localhost:34891/__cypress/runner/cypress_runner.js:165351:31)\n    at Promise._settlePromise (http://localhost:34891/__cypress/runner/cypress_runner.js:165408:18)\n    at Promise._settlePromise0 (http://localhost:34891/__cypress/runner/cypress_runner.js:165453:10)\n    at Promise._settlePromises (http://localhost:34891/__cypress/runner/cypress_runner.js:165528:18)\n    at Async../node_modules/bluebird/js/release/async.js.Async._drainQueue (http://localhost:34891/__cypress/runner/cypress_runner.js:162140:16)\n    at Async../node_modules/bluebird/js/release/async.js.Async._drainQueues (http://localhost:34891/__cypress/runner/cypress_runner.js:162150:10)\n    at Async.drainQueues (http://localhost:34891/__cypress/runner/cypress_runner.js:162024:14)",
                "diff": null
              },
              "uuid": "c5a3358b-cb18-4e61-af32-683d9a14574a",
              "parentUUID": "32a94294-9cf6-4557-9d35-1101060bd292",
              "isHook": false,
              "skipped": false
            },
            {
              "title": "Verifica se após selecionar uma outra cor na paleta, é possível pintar os pixels com essa cor",
              "fullTitle": "8 - Clicar em um pixel dentro do quadro após selecionar uma cor na paleta, faz com que o pixel seja preenchido com a cor selecionada. Verifica se após selecionar uma outra cor na paleta, é possível pintar os pixels com essa cor",
              "timedOut": null,
              "duration": 4306,
              "state": "failed",
              "speed": null,
              "pass": false,
              "fail": true,
              "pending": false,
              "context": null,
              "code": "cy.get('.color').each(function (color) {\n  var backgroundColor = color.css('background-color');\n  cy.wrap(color).click();\n  cy.get('.pixel').each(function (pixel) {\n    cy.wrap(pixel).click().should('have.css', 'background-color', backgroundColor);\n  });\n});",
              "err": {
                "message": "CypressError: Timed out retrying: Expected to find element: '.pixel', but never found it.",
                "estack": "CypressError: Timed out retrying: Expected to find element: '.pixel', but never found it.\n    at cypressErr (http://localhost:34891/__cypress/runner/cypress_runner.js:149934:9)\n    at throwErr (http://localhost:34891/__cypress/runner/cypress_runner.js:149867:11)\n    at Object.throwErrByPath (http://localhost:34891/__cypress/runner/cypress_runner.js:149915:3)\n    at retry (http://localhost:34891/__cypress/runner/cypress_runner.js:144197:19)\n    at onFailFn (http://localhost:34891/__cypress/runner/cypress_runner.js:132448:16)\n    at tryCatcher (http://localhost:34891/__cypress/runner/cypress_runner.js:167415:23)\n    at Promise._settlePromiseFromHandler (http://localhost:34891/__cypress/runner/cypress_runner.js:165351:31)\n    at Promise._settlePromise (http://localhost:34891/__cypress/runner/cypress_runner.js:165408:18)\n    at Promise._settlePromise0 (http://localhost:34891/__cypress/runner/cypress_runner.js:165453:10)\n    at Promise._settlePromises (http://localhost:34891/__cypress/runner/cypress_runner.js:165528:18)\n    at Async../node_modules/bluebird/js/release/async.js.Async._drainQueue (http://localhost:34891/__cypress/runner/cypress_runner.js:162140:16)\n    at Async../node_modules/bluebird/js/release/async.js.Async._drainQueues (http://localhost:34891/__cypress/runner/cypress_runner.js:162150:10)\n    at Async.drainQueues (http://localhost:34891/__cypress/runner/cypress_runner.js:162024:14)",
                "diff": null
              },
              "uuid": "807202f8-b1d7-4946-a9db-86ae0a4a2999",
              "parentUUID": "32a94294-9cf6-4557-9d35-1101060bd292",
              "isHook": false,
              "skipped": false
            },
            {
              "title": "Verifica se somente o pixel que foi clicado foi preenchido com a cor selecionada, sem influenciar na cor dos demais pixels.",
              "fullTitle": "8 - Clicar em um pixel dentro do quadro após selecionar uma cor na paleta, faz com que o pixel seja preenchido com a cor selecionada. Verifica se somente o pixel que foi clicado foi preenchido com a cor selecionada, sem influenciar na cor dos demais pixels.",
              "timedOut": null,
              "duration": 4289,
              "state": "failed",
              "speed": null,
              "pass": false,
              "fail": true,
              "pending": false,
              "context": null,
              "code": "var colorToPixelIndexMap = {\n  0: 6,\n  1: 8,\n  2: 16,\n  3: 18\n};\ncy.get('.color').each(function (color, index) {\n  cy.wrap(color).click();\n  var backgroundColor = color.css('background-color');\n  var clickedPixelIndex = colorToPixelIndexMap[index];\n  cy.get('.pixel').eq(clickedPixelIndex).click();\n  cy.get('.pixel').eq(clickedPixelIndex - 1).should('not.have.css', 'background-color', backgroundColor);\n  cy.get('.pixel').eq(clickedPixelIndex + 1).should('not.have.css', 'background-color', backgroundColor);\n  cy.get('.pixel').eq(clickedPixelIndex - 5).should('not.have.css', 'background-color', backgroundColor);\n  cy.get('.pixel').eq(clickedPixelIndex + 5).should('not.have.css', 'background-color', backgroundColor);\n  cy.get('.pixel').eq(clickedPixelIndex - 6).should('not.have.css', 'background-color', backgroundColor);\n  cy.get('.pixel').eq(clickedPixelIndex - 4).should('not.have.css', 'background-color', backgroundColor);\n  cy.get('.pixel').eq(clickedPixelIndex + 4).should('not.have.css', 'background-color', backgroundColor);\n  cy.get('.pixel').eq(clickedPixelIndex + 6).should('not.have.css', 'background-color', backgroundColor);\n});",
              "err": {
                "message": "CypressError: Timed out retrying: Expected to find element: '.pixel', but never found it.",
                "estack": "CypressError: Timed out retrying: Expected to find element: '.pixel', but never found it.\n    at cypressErr (http://localhost:34891/__cypress/runner/cypress_runner.js:149934:9)\n    at throwErr (http://localhost:34891/__cypress/runner/cypress_runner.js:149867:11)\n    at Object.throwErrByPath (http://localhost:34891/__cypress/runner/cypress_runner.js:149915:3)\n    at retry (http://localhost:34891/__cypress/runner/cypress_runner.js:144197:19)\n    at onFailFn (http://localhost:34891/__cypress/runner/cypress_runner.js:132448:16)\n    at tryCatcher (http://localhost:34891/__cypress/runner/cypress_runner.js:167415:23)\n    at Promise._settlePromiseFromHandler (http://localhost:34891/__cypress/runner/cypress_runner.js:165351:31)\n    at Promise._settlePromise (http://localhost:34891/__cypress/runner/cypress_runner.js:165408:18)\n    at Promise._settlePromise0 (http://localhost:34891/__cypress/runner/cypress_runner.js:165453:10)\n    at Promise._settlePromises (http://localhost:34891/__cypress/runner/cypress_runner.js:165528:18)\n    at Async../node_modules/bluebird/js/release/async.js.Async._drainQueue (http://localhost:34891/__cypress/runner/cypress_runner.js:162140:16)\n    at Async../node_modules/bluebird/js/release/async.js.Async._drainQueues (http://localhost:34891/__cypress/runner/cypress_runner.js:162150:10)\n    at Async.drainQueues (http://localhost:34891/__cypress/runner/cypress_runner.js:162024:14)",
                "diff": null
              },
              "uuid": "dec2aa9e-9e08-4637-8c04-a23282c7e901",
              "parentUUID": "32a94294-9cf6-4557-9d35-1101060bd292",
              "isHook": false,
              "skipped": false
            }
          ],
          "suites": [],
          "passes": [],
          "failures": [
            "c5a3358b-cb18-4e61-af32-683d9a14574a",
            "807202f8-b1d7-4946-a9db-86ae0a4a2999",
            "dec2aa9e-9e08-4637-8c04-a23282c7e901"
          ],
          "pending": [],
          "skipped": [],
          "duration": 12794,
          "root": false,
          "rootEmpty": false,
          "_timeout": 2000
        },
        {
          "uuid": "27631725-72dc-4760-bb34-71eed544f9da",
          "title": "9 - Crie um botão que, ao ser clicado, limpa o quadro preenchendo a cor de todos seus pixels com branco.",
          "fullFile": "",
          "file": "",
          "beforeHooks": [],
          "afterHooks": [],
          "tests": [
            {
              "title": "Verifica se o botão tem o `id` denominado `clear-board`",
              "fullTitle": "9 - Crie um botão que, ao ser clicado, limpa o quadro preenchendo a cor de todos seus pixels com branco. Verifica se o botão tem o `id` denominado `clear-board`",
              "timedOut": null,
              "duration": 4231,
              "state": "failed",
              "speed": null,
              "pass": false,
              "fail": true,
              "pending": false,
              "context": null,
              "code": "cy.get('#clear-board').should('be.visible');",
              "err": {
                "message": "CypressError: Timed out retrying: Expected to find element: '#clear-board', but never found it.",
                "estack": "CypressError: Timed out retrying: Expected to find element: '#clear-board', but never found it.\n    at cypressErr (http://localhost:34891/__cypress/runner/cypress_runner.js:149934:9)\n    at throwErr (http://localhost:34891/__cypress/runner/cypress_runner.js:149867:11)\n    at Object.throwErrByPath (http://localhost:34891/__cypress/runner/cypress_runner.js:149915:3)\n    at retry (http://localhost:34891/__cypress/runner/cypress_runner.js:144197:19)\n    at onFailFn (http://localhost:34891/__cypress/runner/cypress_runner.js:132448:16)\n    at tryCatcher (http://localhost:34891/__cypress/runner/cypress_runner.js:167415:23)\n    at Promise._settlePromiseFromHandler (http://localhost:34891/__cypress/runner/cypress_runner.js:165351:31)\n    at Promise._settlePromise (http://localhost:34891/__cypress/runner/cypress_runner.js:165408:18)\n    at Promise._settlePromise0 (http://localhost:34891/__cypress/runner/cypress_runner.js:165453:10)\n    at Promise._settlePromises (http://localhost:34891/__cypress/runner/cypress_runner.js:165528:18)\n    at Async../node_modules/bluebird/js/release/async.js.Async._drainQueue (http://localhost:34891/__cypress/runner/cypress_runner.js:162140:16)\n    at Async../node_modules/bluebird/js/release/async.js.Async._drainQueues (http://localhost:34891/__cypress/runner/cypress_runner.js:162150:10)\n    at Async.drainQueues (http://localhost:34891/__cypress/runner/cypress_runner.js:162024:14)",
                "diff": null
              },
              "uuid": "d6458c1d-9710-444a-b97e-74c7feb80c4b",
              "parentUUID": "27631725-72dc-4760-bb34-71eed544f9da",
              "isHook": false,
              "skipped": false
            },
            {
              "title": "Verifica se o botão está posicionado entre a paleta de cores e o quadro de pixels",
              "fullTitle": "9 - Crie um botão que, ao ser clicado, limpa o quadro preenchendo a cor de todos seus pixels com branco. Verifica se o botão está posicionado entre a paleta de cores e o quadro de pixels",
              "timedOut": null,
              "duration": 4231,
              "state": "failed",
              "speed": null,
              "pass": false,
              "fail": true,
              "pending": false,
              "context": null,
              "code": "cy.get('#color-palette').then(function (palette) {\n  cy.get('#clear-board').should('be.belowOf', palette);\n});\ncy.get('#clear-board').then(function (clearBtn) {\n  cy.get('#pixel-board').should('be.belowOf', clearBtn);\n});",
              "err": {
                "message": "CypressError: Timed out retrying: Expected to find element: '#clear-board', but never found it.",
                "estack": "CypressError: Timed out retrying: Expected to find element: '#clear-board', but never found it.\n    at cypressErr (http://localhost:34891/__cypress/runner/cypress_runner.js:149934:9)\n    at throwErr (http://localhost:34891/__cypress/runner/cypress_runner.js:149867:11)\n    at Object.throwErrByPath (http://localhost:34891/__cypress/runner/cypress_runner.js:149915:3)\n    at retry (http://localhost:34891/__cypress/runner/cypress_runner.js:144197:19)\n    at onFailFn (http://localhost:34891/__cypress/runner/cypress_runner.js:132448:16)\n    at tryCatcher (http://localhost:34891/__cypress/runner/cypress_runner.js:167415:23)\n    at Promise._settlePromiseFromHandler (http://localhost:34891/__cypress/runner/cypress_runner.js:165351:31)\n    at Promise._settlePromise (http://localhost:34891/__cypress/runner/cypress_runner.js:165408:18)\n    at Promise._settlePromise0 (http://localhost:34891/__cypress/runner/cypress_runner.js:165453:10)\n    at Promise._settlePromises (http://localhost:34891/__cypress/runner/cypress_runner.js:165528:18)\n    at Async../node_modules/bluebird/js/release/async.js.Async._drainQueue (http://localhost:34891/__cypress/runner/cypress_runner.js:162140:16)\n    at Async../node_modules/bluebird/js/release/async.js.Async._drainQueues (http://localhost:34891/__cypress/runner/cypress_runner.js:162150:10)\n    at Async.drainQueues (http://localhost:34891/__cypress/runner/cypress_runner.js:162024:14)",
                "diff": null
              },
              "uuid": "84a9cd3b-a069-4e5b-ab6b-9364eb0fe8a2",
              "parentUUID": "27631725-72dc-4760-bb34-71eed544f9da",
              "isHook": false,
              "skipped": false
            },
            {
              "title": "Verifica se o texto do botão é 'Limpar'",
              "fullTitle": "9 - Crie um botão que, ao ser clicado, limpa o quadro preenchendo a cor de todos seus pixels com branco. Verifica se o texto do botão é 'Limpar'",
              "timedOut": null,
              "duration": 4240,
              "state": "failed",
              "speed": null,
              "pass": false,
              "fail": true,
              "pending": false,
              "context": null,
              "code": "cy.get('#clear-board').should('contain.text', 'Limpar');",
              "err": {
                "message": "CypressError: Timed out retrying: Expected to find element: '#clear-board', but never found it.",
[...]
                "diff": null
              },
              "uuid": "3b516526-611c-4a56-a172-eb1d9199ad2f",
              "parentUUID": "0df28629-6006-446e-b9de-99b53cea6e81",
              "isHook": false,
              "skipped": false
            },
            {
              "title": "Verifica se o novo quadro tem todos os pixels preenchidos com a cor branca",
              "fullTitle": "10 - Faça o quadro de pixels ter seu tamanho definido pelo usuário. Verifica se o novo quadro tem todos os pixels preenchidos com a cor branca",
              "timedOut": null,
              "duration": 4254,
              "state": "failed",
              "speed": null,
              "pass": false,
              "fail": true,
              "pending": false,
              "context": null,
              "code": "cy.get('#board-size').clear().type(6);\ncy.get('#generate-board').click();\ncy.get('.pixel').should('have.length', 36).each(function (pixel) {\n  expect(pixel).to.have.css('background-color', WHITE);\n});",
              "err": {
                "message": "CypressError: Timed out retrying: Expected to find element: '#board-size', but never found it.",
                "estack": "CypressError: Timed out retrying: Expected to find element: '#board-size', but never found it.\n    at cypressErr (http://localhost:34891/__cypress/runner/cypress_runner.js:149934:9)\n    at throwErr (http://localhost:34891/__cypress/runner/cypress_runner.js:149867:11)\n    at Object.throwErrByPath (http://localhost:34891/__cypress/runner/cypress_runner.js:149915:3)\n    at retry (http://localhost:34891/__cypress/runner/cypress_runner.js:144197:19)\n    at onFailFn (http://localhost:34891/__cypress/runner/cypress_runner.js:132448:16)\n    at tryCatcher (http://localhost:34891/__cypress/runner/cypress_runner.js:167415:23)\n    at Promise._settlePromiseFromHandler (http://localhost:34891/__cypress/runner/cypress_runner.js:165351:31)\n    at Promise._settlePromise (http://localhost:34891/__cypress/runner/cypress_runner.js:165408:18)\n    at Promise._settlePromise0 (http://localhost:34891/__cypress/runner/cypress_runner.js:165453:10)\n    at Promise._settlePromises (http://localhost:34891/__cypress/runner/cypress_runner.js:165528:18)\n    at Async../node_modules/bluebird/js/release/async.js.Async._drainQueue (http://localhost:34891/__cypress/runner/cypress_runner.js:162140:16)\n    at Async../node_modules/bluebird/js/release/async.js.Async._drainQueues (http://localhost:34891/__cypress/runner/cypress_runner.js:162150:10)\n    at Async.drainQueues (http://localhost:34891/__cypress/runner/cypress_runner.js:162024:14)",
                "diff": null
              },
              "uuid": "6f29f4bd-0fe3-4a06-bddc-1666ee293de1",
              "parentUUID": "0df28629-6006-446e-b9de-99b53cea6e81",
              "isHook": false,
              "skipped": false
            }
          ],
          "suites": [],
          "passes": [],
          "failures": [
            "8238d9c1-ce60-42be-9b68-787d681a372b",
            "9c628b9e-e955-4348-a48e-045b4735fc5b",
            "37acb050-bab5-48fa-9065-e8c1a3f61fcd",
            "38394212-0041-4cb1-b795-4d5ac4a0cdc0",
            "ad339fc6-d2f3-426d-833a-9bad817eb0be",
            "4d77af51-24ab-4acc-b801-fd21134724f7",
            "0da29bda-1272-4644-b6bc-aaf6d1884350",
            "3b516526-611c-4a56-a172-eb1d9199ad2f",
            "6f29f4bd-0fe3-4a06-bddc-1666ee293de1"
          ],
          "pending": [],
          "skipped": [],
          "duration": 38357,
          "root": false,
          "rootEmpty": false,
          "_timeout": 2000
        },
        {
          "uuid": "e6fa10d7-f6f7-427e-af7c-789f92324678",
          "title": "11 - Limite o tamanho mínimo e máximo do board.",
          "fullFile": "",
          "file": "",
          "beforeHooks": [],
          "afterHooks": [],
          "tests": [
            {
              "title": "Verifica se a altura máxima do board é 50",
              "fullTitle": "11 - Limite o tamanho mínimo e máximo do board. Verifica se a altura máxima do board é 50",
              "timedOut": null,
              "duration": 4278,
              "state": "failed",
              "speed": null,
              "pass": false,
              "fail": true,
              "pending": false,
              "context": null,
              "code": "cy.get('#board-size').clear().type(50);\ncy.get('#generate-board').click();\ncy.get('.pixel').should('have.length', 2500);",
              "err": {
                "message": "CypressError: Timed out retrying: Expected to find element: '#board-size', but never found it.",
                "estack": "CypressError: Timed out retrying: Expected to find element: '#board-size', but never found it.\n    at cypressErr (http://localhost:34891/__cypress/runner/cypress_runner.js:149934:9)\n    at throwErr (http://localhost:34891/__cypress/runner/cypress_runner.js:149867:11)\n    at Object.throwErrByPath (http://localhost:34891/__cypress/runner/cypress_runner.js:149915:3)\n    at retry (http://localhost:34891/__cypress/runner/cypress_runner.js:144197:19)\n    at onFailFn (http://localhost:34891/__cypress/runner/cypress_runner.js:132448:16)\n    at tryCatcher (http://localhost:34891/__cypress/runner/cypress_runner.js:167415:23)\n    at Promise._settlePromiseFromHandler (http://localhost:34891/__cypress/runner/cypress_runner.js:165351:31)\n    at Promise._settlePromise (http://localhost:34891/__cypress/runner/cypress_runner.js:165408:18)\n    at Promise._settlePromise0 (http://localhost:34891/__cypress/runner/cypress_runner.js:165453:10)\n    at Promise._settlePromises (http://localhost:34891/__cypress/runner/cypress_runner.js:165528:18)\n    at Async../node_modules/bluebird/js/release/async.js.Async._drainQueue (http://localhost:34891/__cypress/runner/cypress_runner.js:162140:16)\n    at Async../node_modules/bluebird/js/release/async.js.Async._drainQueues (http://localhost:34891/__cypress/runner/cypress_runner.js:162150:10)\n    at Async.drainQueues (http://localhost:34891/__cypress/runner/cypress_runner.js:162024:14)",
                "diff": null
              },
              "uuid": "f6b328ea-2d19-42fa-9ee3-579a3886b7a2",
              "parentUUID": "e6fa10d7-f6f7-427e-af7c-789f92324678",
              "isHook": false,
              "skipped": false
            },
            {
              "title": "Verifica se a altura do board é 5 quando um valor menor é colocado no input",
              "fullTitle": "11 - Limite o tamanho mínimo e máximo do board. Verifica se a altura do board é 5 quando um valor menor é colocado no input",
              "timedOut": null,
              "duration": 4272,
              "state": "failed",
              "speed": null,
              "pass": false,
              "fail": true,
              "pending": false,
              "context": null,
              "code": "cy.get('#board-size').clear().type(4);\ncy.get('#generate-board').click();\ncy.get('.pixel').should('have.length', 25);",
              "err": {
                "message": "CypressError: Timed out retrying: Expected to find element: '#board-size', but never found it.",
                "estack": "CypressError: Timed out retrying: Expected to find element: '#board-size', but never found it.\n    at cypressErr (http://localhost:34891/__cypress/runner/cypress_runner.js:149934:9)\n    at throwErr (http://localhost:34891/__cypress/runner/cypress_runner.js:149867:11)\n    at Object.throwErrByPath (http://localhost:34891/__cypress/runner/cypress_runner.js:149915:3)\n    at retry (http://localhost:34891/__cypress/runner/cypress_runner.js:144197:19)\n    at onFailFn (http://localhost:34891/__cypress/runner/cypress_runner.js:132448:16)\n    at tryCatcher (http://localhost:34891/__cypress/runner/cypress_runner.js:167415:23)\n    at Promise._settlePromiseFromHandler (http://localhost:34891/__cypress/runner/cypress_runner.js:165351:31)\n    at Promise._settlePromise (http://localhost:34891/__cypress/runner/cypress_runner.js:165408:18)\n    at Promise._settlePromise0 (http://localhost:34891/__cypress/runner/cypress_runner.js:165453:10)\n    at Promise._settlePromises (http://localhost:34891/__cypress/runner/cypress_runner.js:165528:18)\n    at Async../node_modules/bluebird/js/release/async.js.Async._drainQueue (http://localhost:34891/__cypress/runner/cypress_runner.js:162140:16)\n    at Async../node_modules/bluebird/js/release/async.js.Async._drainQueues (http://localhost:34891/__cypress/runner/cypress_runner.js:162150:10)\n    at Async.drainQueues (http://localhost:34891/__cypress/runner/cypress_runner.js:162024:14)",
                "diff": null
              },
              "uuid": "47ac5d5f-e909-4188-b0a7-ade9d4172702",
              "parentUUID": "e6fa10d7-f6f7-427e-af7c-789f92324678",
              "isHook": false,
              "skipped": false
            },
            {
              "title": "Verifica se a altura do board é 50 quando um valor maior é colocado no input",
              "fullTitle": "11 - Limite o tamanho mínimo e máximo do board. Verifica se a altura do board é 50 quando um valor maior é colocado no input",
              "timedOut": null,
              "duration": 4265,
              "state": "failed",
              "speed": null,
              "pass": false,
              "fail": true,
              "pending": false,
              "context": null,
              "code": "cy.get('#board-size').clear().type(51);\ncy.get('#generate-board').click();\ncy.get('.pixel').should('have.length', 2500);",
              "err": {
                "message": "CypressError: Timed out retrying: Expected to find element: '#board-size', but never found it.",
                "estack": "CypressError: Timed out retrying: Expected to find element: '#board-size', but never found it.\n    at cypressErr (http://localhost:34891/__cypress/runner/cypress_runner.js:149934:9)\n    at throwErr (http://localhost:34891/__cypress/runner/cypress_runner.js:149867:11)\n    at Object.throwErrByPath (http://localhost:34891/__cypress/runner/cypress_runner.js:149915:3)\n    at retry (http://localhost:34891/__cypress/runner/cypress_runner.js:144197:19)\n    at onFailFn (http://localhost:34891/__cypress/runner/cypress_runner.js:132448:16)\n    at tryCatcher (http://localhost:34891/__cypress/runner/cypress_runner.js:167415:23)\n    at Promise._settlePromiseFromHandler (http://localhost:34891/__cypress/runner/cypress_runner.js:165351:31)\n    at Promise._settlePromise (http://localhost:34891/__cypress/runner/cypress_runner.js:165408:18)\n    at Promise._settlePromise0 (http://localhost:34891/__cypress/runner/cypress_runner.js:165453:10)\n    at Promise._settlePromises (http://localhost:34891/__cypress/runner/cypress_runner.js:165528:18)\n    at Async../node_modules/bluebird/js/release/async.js.Async._drainQueue (http://localhost:34891/__cypress/runner/cypress_runner.js:162140:16)\n    at Async../node_modules/bluebird/js/release/async.js.Async._drainQueues (http://localhost:34891/__cypress/runner/cypress_runner.js:162150:10)\n    at Async.drainQueues (http://localhost:34891/__cypress/runner/cypress_runner.js:162024:14)",
                "diff": null
              },
              "uuid": "fe79fb9c-4354-4354-9c5b-773c92de1c56",
              "parentUUID": "e6fa10d7-f6f7-427e-af7c-789f92324678",
              "isHook": false,
              "skipped": false
            }
          ],
          "suites": [],
          "passes": [],
          "failures": [
            "f6b328ea-2d19-42fa-9ee3-579a3886b7a2",
            "47ac5d5f-e909-4188-b0a7-ade9d4172702",
            "fe79fb9c-4354-4354-9c5b-773c92de1c56"
          ],
          "pending": [],
          "skipped": [],
          "duration": 12815,
          "root": false,
          "rootEmpty": false,
          "_timeout": 2000
        },
        {
          "uuid": "87714308-52af-4ff9-827f-033f13cc7437",
          "title": "12 - Faça com que as cores da paleta sejam geradas aleatoriamente ao carregar a página.",
          "fullFile": "",
          "file": "",
          "beforeHooks": [],
          "afterHooks": [],
          "tests": [
            {
              "title": "Verifica se as cores geradas na paleta são diferentes a cada carregamento da página",
              "fullTitle": "12 - Faça com que as cores da paleta sejam geradas aleatoriamente ao carregar a página. Verifica se as cores geradas na paleta são diferentes a cada carregamento da página",
              "timedOut": null,
              "duration": 298,
              "state": "failed",
              "speed": null,
              "pass": false,
              "fail": true,
              "pending": false,
              "context": null,
              "code": "cy.get('.color').then(function (colors) {\n  var currentColors;\n  var previousColors;\n  previousColors = Array.from(colors).map(function (color) {\n    return Cypress.$(color).css('background-color');\n  });\n  for (var i = 0; i < 5; i += 1) {\n    cy.reload();\n    cy.get('.color').then(function (colors) {\n      currentColors = Array.from(colors).map(function (color) {\n        return Cypress.$(color).css('background-color');\n      });\n      expect(currentColors).not.to.deep.equal(previousColors);\n      previousColors = currentColors;\n    });\n  }\n});",
              "err": {
                "message": "AssertionError: expected [ Array(4) ] to not deeply equal [ Array(4) ]",
                "estack": "AssertionError: expected [ Array(4) ] to not deeply equal [ Array(4) ]\n    at getRet (http://localhost:34891/__cypress/runner/cypress_runner.js:136585:16)\n    at tryCatcher (http://localhost:34891/__cypress/runner/cypress_runner.js:167415:23)\n    at Function.Promise.attempt.Promise.try (http://localhost:34891/__cypress/runner/cypress_runner.js:164690:29)\n    at Context.thenFn (http://localhost:34891/__cypress/runner/cypress_runner.js:136599:23)\n    at Context.then (http://localhost:34891/__cypress/runner/cypress_runner.js:136971:21)\n    at Context.<anonymous> (http://localhost:34891/__cypress/runner/cypress_runner.js:148875:21)\n    at http://localhost:34891/__cypress/runner/cypress_runner.js:148351:33\n    at tryCatcher (http://localhost:34891/__cypress/runner/cypress_runner.js:167415:23)\n    at Promise._settlePromiseFromHandler (http://localhost:34891/__cypress/runner/cypress_runner.js:165351:31)\n    at Promise._settlePromise (http://localhost:34891/__cypress/runner/cypress_runner.js:165408:18)\n    at Promise._settlePromiseCtx (http://localhost:34891/__cypress/runner/cypress_runner.js:165445:10)\n    at Async../node_modules/bluebird/js/release/async.js.Async._drainQueue (http://localhost:34891/__cypress/runner/cypress_runner.js:162145:12)\n    at Async../node_modules/bluebird/js/release/async.js.Async._drainQueues (http://localhost:34891/__cypress/runner/cypress_runner.js:162150:10)\n    at Async.drainQueues (http://localhost:34891/__cypress/runner/cypress_runner.js:162024:14)",
                "diff": ""
              },
              "uuid": "3ab91ce3-85e2-4945-a0e5-fca3a6b3c21b",
              "parentUUID": "87714308-52af-4ff9-827f-033f13cc7437",
              "isHook": false,
              "skipped": false
            },
            {
              "title": "Verifica se a cor preta ainda está presente e é a primeira na sua paleta de cores",
              "fullTitle": "12 - Faça com que as cores da paleta sejam geradas aleatoriamente ao carregar a página. Verifica se a cor preta ainda está presente e é a primeira na sua paleta de cores",
              "timedOut": null,
              "duration": 222,
              "state": "failed",
              "speed": null,
              "pass": false,
              "fail": true,
              "pending": false,
              "context": null,
              "code": "cy.get('.color').then(function (colors) {\n  var currentColors;\n  var previousColors;\n  previousColors = Array.from(colors).map(function (color) {\n    return Cypress.$(color).css('background-color');\n  });\n  expect(previousColors[0]).to.eq(BLACK);\n  for (var i = 0; i < 5; i += 1) {\n    cy.reload();\n    cy.get('.color').then(function (colors) {\n      currentColors = Array.from(colors).map(function (color) {\n        return Cypress.$(color).css('background-color');\n      });\n      expect(currentColors[0]).to.eq(BLACK);\n      expect(currentColors).not.to.deep.equal(previousColors);\n      previousColors = currentColors;\n    });\n  }\n});",
              "err": {
                "message": "AssertionError: expected 'rgb(135, 60, 160)' to equal 'rgb(0, 0, 0)'",
                "estack": "AssertionError: expected 'rgb(135, 60, 160)' to equal 'rgb(0, 0, 0)'\n    at getRet (http://localhost:34891/__cypress/runner/cypress_runner.js:136585:16)\n    at tryCatcher (http://localhost:34891/__cypress/runner/cypress_runner.js:167415:23)\n    at Function.Promise.attempt.Promise.try (http://localhost:34891/__cypress/runner/cypress_runner.js:164690:29)\n    at Context.thenFn (http://localhost:34891/__cypress/runner/cypress_runner.js:136599:23)\n    at Context.then (http://localhost:34891/__cypress/runner/cypress_runner.js:136971:21)\n    at Context.<anonymous> (http://localhost:34891/__cypress/runner/cypress_runner.js:148875:21)\n    at http://localhost:34891/__cypress/runner/cypress_runner.js:148351:33\n    at tryCatcher (http://localhost:34891/__cypress/runner/cypress_runner.js:167415:23)\n    at Promise._settlePromiseFromHandler (http://localhost:34891/__cypress/runner/cypress_runner.js:165351:31)\n    at Promise._settlePromise (http://localhost:34891/__cypress/runner/cypress_runner.js:165408:18)\n    at Promise._settlePromiseCtx (http://localhost:34891/__cypress/runner/cypress_runner.js:165445:10)\n    at Async../node_modules/bluebird/js/release/async.js.Async._drainQueue (http://localhost:34891/__cypress/runner/cypress_runner.js:162145:12)\n    at Async../node_modules/bluebird/js/release/async.js.Async._drainQueues (http://localhost:34891/__cypress/runner/cypress_runner.js:162150:10)\n    at Async.drainQueues (http://localhost:34891/__cypress/runner/cypress_runner.js:162024:14)",
                "diff": "- 'rgb(135, 60, 160)'\n+ 'rgb(0, 0, 0)'\n"
              },
              "uuid": "b09db1dd-deda-4e40-83f7-30cd12bc9ea5",
              "parentUUID": "87714308-52af-4ff9-827f-033f13cc7437",
              "isHook": false,
              "skipped": false
            }
          ],
          "suites": [],
          "passes": [],
          "failures": [
            "3ab91ce3-85e2-4945-a0e5-fca3a6b3c21b",
            "b09db1dd-deda-4e40-83f7-30cd12bc9ea5"
          ],
          "pending": [],
          "skipped": [],
          "duration": 520,
          "root": false,
          "rootEmpty": false,
          "_timeout": 2000
        }
      ],
      "passes": [],
      "failures": [],
      "pending": [],
      "skipped": [],
      "duration": 0,
      "root": true,
      "rootEmpty": true,
      "_timeout": 2000
    }
  ],
  "meta": {
    "mocha": {
      "version": "7.0.1"
    },
    "mochawesome": {
      "options": {
        "quiet": false,
        "reportFilename": "mochawesome",
        "saveHtml": false,
        "saveJson": true,
        "consoleReporter": "spec",
        "useInlineDiffs": false
      },
      "version": "4.1.0"
    },
    "marge": {
      "options": {
        "id": "default",
        "reportDir": "cypress/reports",
        "overwrite": true,
        "html": false,
        "json": true
      },
      "version": "4.1.0"
    }
  }
}